2024-04-22 18:25:33,203 [ERROR] ConfigurationRetriever:142 - IOException on connection: sw-center.st.com
2024-04-22 18:25:33,627 [ERROR] ConfigurationRetriever:142 - IOException on connection: sw-center.st.com
2024-04-22 18:25:33,628 [ERROR] ConfigurationRetriever:142 - IOException on connection: sw-center.st.com
2024-04-22 20:00:58,125 [INFO] Activator:176 - 


2024-04-22 20:00:58,129 [INFO] Activator:177 - !SESSION log4j initialized
2024-04-22 20:01:11,982 [INFO] LogOutputStream:77 - [STDOUT_REDIRECT] 
2024-04-22 20:01:15,395 [ERROR] ConfigurationRetriever:142 - IOException on connection: Read timed out
2024-04-22 20:01:21,264 [INFO] ApplicationProperties:184 - Using Application install path: C:\ST\STM32CubeIDE_1.14.1\STM32CubeIDE\plugins\com.st.stm32cube.common.mx_6.10.0.202311202037
2024-04-22 20:01:21,310 [INFO] DbMcusXml:78 - Set database path to: C:\ST\STM32CubeIDE_1.14.1\STM32CubeIDE\plugins\com.st.stm32cube.common.mx_6.10.0.202311202037\\db\/mcu/
2024-04-22 20:01:21,311 [INFO] ApiDb:274 - Set plugin database path to: C:\ST\STM32CubeIDE_1.14.1\STM32CubeIDE\plugins\com.st.stm32cube.common.mx_6.10.0.202311202037\\db\/plugins/boardmanager/
2024-04-22 20:01:21,311 [WARN] ApiDb:259 - Overriding images path with different value:  => C:\ST\STM32CubeIDE_1.14.1\STM32CubeIDE\plugins\com.st.stm32cube.common.mx_6.10.0.202311202037\\db\/plugins/mcufinder/images/
2024-04-22 20:01:21,347 [INFO] ApiDb:250 - Set database path to: C:\Users\chayu\.stmcufinder\plugins\mcufinder//mcu/
2024-04-22 20:01:21,350 [INFO] DbMcusAds:125 - Set database path to: C:\Users\chayu\.stmcufinder\plugins\mcufinder//mcu/
2024-04-22 20:01:21,357 [INFO] CrossReferenceDbSqlite:203 - Set database path to: C:\Users\chayu\.stmcufinder\plugins\mcufinder//mcu/cs/
2024-04-22 20:01:21,687 [INFO] RulesReader:64 - Compatibility file has been processed (297 Rules)
2024-04-22 20:01:21,972 [INFO] DbMcusXml:78 - Set database path to: C:\ST\STM32CubeIDE_1.14.1\STM32CubeIDE\plugins\com.st.stm32cube.common.mx_6.10.0.202311202037\\db\/mcu/
2024-04-22 20:01:21,972 [INFO] ApiDb:274 - Set plugin database path to: C:\ST\STM32CubeIDE_1.14.1\STM32CubeIDE\plugins\com.st.stm32cube.common.mx_6.10.0.202311202037\\db\/plugins/boardmanager/
2024-04-22 20:01:21,973 [INFO] ApiDb:261 - Set plugin images path to: C:\ST\STM32CubeIDE_1.14.1\STM32CubeIDE\plugins\com.st.stm32cube.common.mx_6.10.0.202311202037\\db\/plugins/mcufinder/images/
2024-04-22 20:01:21,973 [WARN] DbFile:41 - Overriding database path with different value: C:\Users\chayu\.stmcufinder\plugins\mcufinder/ => C:\Users\chayu\.stmcufinder\plugins\mcufinder
2024-04-22 20:01:21,973 [INFO] ApiDb:250 - Set database path to: C:\Users\chayu\.stmcufinder\plugins\mcufinder//mcu/
2024-04-22 20:01:21,974 [WARN] DbFile:41 - Overriding database path with different value: C:\Users\chayu\.stmcufinder\plugins\mcufinder/ => C:\Users\chayu\.stmcufinder\plugins\mcufinder
2024-04-22 20:01:21,974 [INFO] DbMcusAds:125 - Set database path to: C:\Users\chayu\.stmcufinder\plugins\mcufinder//mcu/
2024-04-22 20:01:21,974 [WARN] DbFile:41 - Overriding database path with different value: C:\Users\chayu\.stmcufinder\plugins\mcufinder/ => C:\Users\chayu\.stmcufinder\plugins\mcufinder
2024-04-22 20:01:21,975 [WARN] DbFile:41 - Overriding database path with different value: C:\Users\chayu\.stmcufinder\plugins\mcufinder/ => C:\Users\chayu\.stmcufinder\plugins\mcufinder
2024-04-22 20:01:21,975 [INFO] CrossReferenceDbSqlite:203 - Set database path to: C:\Users\chayu\.stmcufinder\plugins\mcufinder//mcu/cs/
2024-04-22 20:01:22,230 [INFO] MainPanel:264 - HeapMemory: 268435456
2024-04-22 20:01:22,447 [INFO] DbMcusXml:78 - Set database path to: C:\ST\STM32CubeIDE_1.14.1\STM32CubeIDE\plugins\com.st.stm32cube.common.mx_6.10.0.202311202037\\db\/mcu/
2024-04-22 20:01:22,447 [INFO] ApiDb:274 - Set plugin database path to: C:\ST\STM32CubeIDE_1.14.1\STM32CubeIDE\plugins\com.st.stm32cube.common.mx_6.10.0.202311202037\\db\/plugins/boardmanager/
2024-04-22 20:01:22,447 [INFO] ApiDb:261 - Set plugin images path to: C:\ST\STM32CubeIDE_1.14.1\STM32CubeIDE\plugins\com.st.stm32cube.common.mx_6.10.0.202311202037\\db\/plugins/mcufinder/images/
2024-04-22 20:01:22,448 [WARN] DbFile:41 - Overriding database path with different value: C:\Users\chayu\.stmcufinder\plugins\mcufinder/ => C:\Users\chayu\.stmcufinder\plugins\mcufinder
2024-04-22 20:01:22,448 [INFO] ApiDb:250 - Set database path to: C:\Users\chayu\.stmcufinder\plugins\mcufinder//mcu/
2024-04-22 20:01:22,448 [WARN] DbFile:41 - Overriding database path with different value: C:\Users\chayu\.stmcufinder\plugins\mcufinder/ => C:\Users\chayu\.stmcufinder\plugins\mcufinder
2024-04-22 20:01:22,448 [INFO] DbMcusAds:125 - Set database path to: C:\Users\chayu\.stmcufinder\plugins\mcufinder//mcu/
2024-04-22 20:01:22,449 [WARN] DbFile:41 - Overriding database path with different value: C:\Users\chayu\.stmcufinder\plugins\mcufinder/ => C:\Users\chayu\.stmcufinder\plugins\mcufinder
2024-04-22 20:01:22,449 [WARN] DbFile:41 - Overriding database path with different value: C:\Users\chayu\.stmcufinder\plugins\mcufinder/ => C:\Users\chayu\.stmcufinder\plugins\mcufinder
2024-04-22 20:01:22,449 [INFO] CrossReferenceDbSqlite:203 - Set database path to: C:\Users\chayu\.stmcufinder\plugins\mcufinder//mcu/cs/
2024-04-22 20:01:22,494 [INFO] ApplicationProperties:184 - Using Application install path: C:\ST\STM32CubeIDE_1.14.1\STM32CubeIDE\plugins\com.st.stm32cube.common.mx_6.10.0.202311202037
2024-04-22 20:01:22,498 [INFO] PluginManage:196 - Search for loadable plugins [exclusion list=, ]
2024-04-22 20:01:22,501 [INFO] PluginManage:310 - Check plugin analytics
2024-04-22 20:01:22,940 [INFO] AnalyticsPlugin:253 - Accepted Software Licenses: STM32CubeMX.6.10.0
2024-04-22 20:01:22,941 [INFO] AnalyticsPlugin:255 - Accepted CMSIS Pack Licenses: ARM.CMSIS-DSP.1.15.0
2024-04-22 20:01:22,941 [INFO] AnalyticsPlugin:257 - Accepted Firmware Licenses: FW.G4.1.5.0
2024-04-22 20:01:22,947 [INFO] PluginManage:359 - Loaded plugin analytics (category:tool,tabindex:-1)
2024-04-22 20:01:22,947 [INFO] PluginManage:310 - Check plugin cadmodel
2024-04-22 20:01:22,977 [INFO] CADModel:105 - Init CAD model plugin
2024-04-22 20:01:22,978 [INFO] PluginManage:359 - Loaded plugin cadmodel (category:power,tabindex:5)
2024-04-22 20:01:22,978 [INFO] PluginManage:310 - Check plugin clock
2024-04-22 20:01:23,013 [INFO] PluginManage:359 - Loaded plugin clock (category:base,tabindex:2)
2024-04-22 20:01:23,013 [INFO] PluginManage:310 - Check plugin ddr
2024-04-22 20:01:23,018 [INFO] PluginManage:359 - Loaded plugin ddr (category:tool,tabindex:6)
2024-04-22 20:01:23,019 [INFO] PluginManage:310 - Check plugin filemanager
2024-04-22 20:01:23,422 [INFO] PluginManage:359 - Loaded plugin filemanager (category:base,tabindex:10)
2024-04-22 20:01:23,422 [INFO] PluginManage:310 - Check plugin ipmanager
2024-04-22 20:01:23,438 [INFO] PluginManage:359 - Loaded plugin ipmanager (category:base,tabindex:5)
2024-04-22 20:01:23,439 [INFO] PluginManage:310 - Check plugin lpbam
2024-04-22 20:01:23,477 [INFO] PluginManage:359 - Loaded plugin lpbam (category:base,tabindex:0)
2024-04-22 20:01:23,478 [INFO] PluginManage:310 - Check plugin memorymap
2024-04-22 20:01:23,529 [INFO] PluginManage:359 - Loaded plugin memorymap (category:base,tabindex:4)
2024-04-22 20:01:23,529 [INFO] PluginManage:310 - Check plugin pinoutandconfiguration
2024-04-22 20:01:23,563 [INFO] PluginManage:359 - Loaded plugin pinoutandconfiguration (category:base,tabindex:1)
2024-04-22 20:01:23,564 [INFO] PluginManage:310 - Check plugin pinoutconfig
2024-04-22 20:01:23,845 [WARN] SupportedApi:132 - Cannot load RTOS API schema: s4s-elt-must-match.1: The content of 'definitions' must match (annotation?, (simpleType | complexType)?, (unique | key | keyref)*)). A problem was found starting at: attribute.
2024-04-22 20:01:24,313 [INFO] PluginManage:359 - Loaded plugin pinoutconfig (category:base,tabindex:0)
2024-04-22 20:01:24,313 [INFO] PluginManage:310 - Check plugin power
2024-04-22 20:01:24,374 [INFO] PluginManage:359 - Loaded plugin power (category:power,tabindex:4)
2024-04-22 20:01:24,375 [INFO] PluginManage:310 - Check plugin projectmanager
2024-04-22 20:01:24,442 [INFO] PluginManage:359 - Loaded plugin projectmanager (category:projectmanager,tabindex:3)
2024-04-22 20:01:24,443 [INFO] PluginManage:310 - Check plugin thirdparty
2024-04-22 20:01:25,203 [INFO] PluginManage:359 - Loaded plugin thirdparty (category:base,tabindex:-1)
2024-04-22 20:01:25,203 [WARN] IntegrityCheckThread:84 - waiting for thirdparty lock release [integrity check]
2024-04-22 20:01:25,203 [INFO] PluginManage:310 - Check plugin tools
2024-04-22 20:01:25,203 [INFO] IntegrityCheckThread:86 - entering critical section [integrity check]
2024-04-22 20:01:25,204 [INFO] ThirdPartyUpdaterWithRetryManager:70 - Updater plugin not ready yet. [1/15]
2024-04-22 20:01:25,304 [INFO] PluginManage:359 - Loaded plugin tools (category:base,tabindex:7)
2024-04-22 20:01:25,304 [INFO] PluginManage:310 - Check plugin tutovideos
2024-04-22 20:01:25,963 [INFO] PluginManage:359 - Loaded plugin tutovideos (category:base,tabindex:-1)
2024-04-22 20:01:25,964 [INFO] PluginManage:310 - Check plugin updater
2024-04-22 20:01:25,986 [INFO] PluginManage:359 - Loaded plugin updater (category:base,tabindex:12)
2024-04-22 20:01:25,987 [INFO] PluginManage:310 - Check plugin userauth
2024-04-22 20:01:26,000 [INFO] UserAuth:114 - Init User Auth plugin
2024-04-22 20:01:26,001 [INFO] PluginManage:359 - Loaded plugin userauth (category:base,tabindex:14)
2024-04-22 20:01:26,002 [INFO] PluginManage:283 - PluginManage : Loaded plugins [17]
2024-04-22 20:01:26,630 [INFO] PinOutPanel:1499 - setPackage(No Configuration,No Configuration)
2024-04-22 20:01:26,783 [INFO] CADModel:165 - CPN selected for project level
2024-04-22 20:01:26,783 [INFO] CADModel:114 - Register for checkConnection events
2024-04-22 20:01:26,833 [INFO] IPUIPlugin:80 - create IPUIPlugin
2024-04-22 20:01:26,833 [INFO] PluginManager:220 - loadIPPluginJar : add adc
2024-04-22 20:01:26,899 [INFO] IPUIPlugin:80 - create IPUIPlugin
2024-04-22 20:01:26,899 [INFO] PluginManager:220 - loadIPPluginJar : add aes
2024-04-22 20:01:26,968 [INFO] IPUIPlugin:80 - create IPUIPlugin
2024-04-22 20:01:26,969 [INFO] PluginManager:220 - loadIPPluginJar : add can
2024-04-22 20:01:27,012 [INFO] IPUIPlugin:80 - create IPUIPlugin
2024-04-22 20:01:27,012 [INFO] PluginManager:220 - loadIPPluginJar : add comp
2024-04-22 20:01:27,078 [INFO] IPUIPlugin:80 - create IPUIPlugin
2024-04-22 20:01:27,078 [INFO] PluginManager:220 - loadIPPluginJar : add cryp
2024-04-22 20:01:27,132 [INFO] IPUIPlugin:80 - create IPUIPlugin
2024-04-22 20:01:27,133 [INFO] PluginManager:220 - loadIPPluginJar : add dfsdm
2024-04-22 20:01:27,159 [INFO] IPUIPlugin:80 - create IPUIPlugin
2024-04-22 20:01:27,160 [INFO] PluginManager:220 - loadIPPluginJar : add dma
2024-04-22 20:01:27,243 [INFO] IPUIPlugin:80 - create IPUIPlugin
2024-04-22 20:01:27,243 [INFO] PluginManager:220 - loadIPPluginJar : add dma3
2024-04-22 20:01:27,280 [INFO] IPUIPlugin:80 - create IPUIPlugin
2024-04-22 20:01:27,280 [INFO] PluginManager:220 - loadIPPluginJar : add fatfs
2024-04-22 20:01:27,363 [INFO] IPUIPlugin:80 - create IPUIPlugin
2024-04-22 20:01:27,363 [INFO] PluginManager:220 - loadIPPluginJar : add fmc
2024-04-22 20:01:27,387 [INFO] IPUIPlugin:80 - create IPUIPlugin
2024-04-22 20:01:27,388 [INFO] PluginManager:220 - loadIPPluginJar : add freertos
2024-04-22 20:01:27,426 [INFO] IPUIPlugin:80 - create IPUIPlugin
2024-04-22 20:01:27,427 [INFO] PluginManager:220 - loadIPPluginJar : add genericplugin
2024-04-22 20:01:27,581 [INFO] IPUIPlugin:80 - create IPUIPlugin
2024-04-22 20:01:27,582 [INFO] PluginManager:220 - loadIPPluginJar : add gfxmmu
2024-04-22 20:01:27,809 [INFO] IPUIPlugin:80 - create IPUIPlugin
2024-04-22 20:01:27,810 [INFO] PluginManager:220 - loadIPPluginJar : add gic
2024-04-22 20:01:27,832 [INFO] IPUIPlugin:80 - create IPUIPlugin
2024-04-22 20:01:27,833 [INFO] PluginManager:220 - loadIPPluginJar : add gpio
2024-04-22 20:01:28,004 [INFO] IPUIPlugin:80 - create IPUIPlugin
2024-04-22 20:01:28,004 [INFO] PluginManager:220 - loadIPPluginJar : add gtzc
2024-04-22 20:01:28,069 [INFO] IPUIPlugin:80 - create IPUIPlugin
2024-04-22 20:01:28,069 [INFO] PluginManager:220 - loadIPPluginJar : add hash
2024-04-22 20:01:28,163 [INFO] IPUIPlugin:80 - create IPUIPlugin
2024-04-22 20:01:28,163 [INFO] PluginManager:220 - loadIPPluginJar : add i2c
2024-04-22 20:01:28,206 [INFO] ThirdPartyUpdaterWithRetryManager:70 - Updater plugin not ready yet. [2/15]
2024-04-22 20:01:28,231 [INFO] IPUIPlugin:80 - create IPUIPlugin
2024-04-22 20:01:28,231 [INFO] PluginManager:220 - loadIPPluginJar : add i2s
2024-04-22 20:01:28,303 [INFO] IPUIPlugin:80 - create IPUIPlugin
2024-04-22 20:01:28,304 [INFO] PluginManager:220 - loadIPPluginJar : add i3c
2024-04-22 20:01:28,486 [INFO] IPUIPlugin:80 - create IPUIPlugin
2024-04-22 20:01:28,487 [INFO] PluginManager:220 - loadIPPluginJar : add ipddr
2024-04-22 20:01:28,654 [INFO] IPUIPlugin:80 - create IPUIPlugin
2024-04-22 20:01:28,655 [INFO] PluginManager:220 - loadIPPluginJar : add linkedlist
2024-04-22 20:01:28,721 [INFO] IPUIPlugin:80 - create IPUIPlugin
2024-04-22 20:01:28,721 [INFO] PluginManager:220 - loadIPPluginJar : add lorawan
2024-04-22 20:01:28,788 [INFO] IPUIPlugin:80 - create IPUIPlugin
2024-04-22 20:01:28,789 [INFO] PluginManager:220 - loadIPPluginJar : add ltdc
2024-04-22 20:01:28,813 [INFO] IPUIPlugin:80 - create IPUIPlugin
2024-04-22 20:01:28,813 [INFO] PluginManager:220 - loadIPPluginJar : add mdma
2024-04-22 20:01:28,836 [INFO] IPUIPlugin:80 - create IPUIPlugin
2024-04-22 20:01:28,836 [INFO] PluginManager:220 - loadIPPluginJar : add nvic
2024-04-22 20:01:28,906 [INFO] IPUIPlugin:80 - create IPUIPlugin
2024-04-22 20:01:28,907 [INFO] PluginManager:220 - loadIPPluginJar : add opamp
2024-04-22 20:01:29,032 [INFO] IPUIPlugin:80 - create IPUIPlugin
2024-04-22 20:01:29,033 [INFO] PluginManager:220 - loadIPPluginJar : add openamp
2024-04-22 20:01:29,109 [INFO] IPUIPlugin:80 - create IPUIPlugin
2024-04-22 20:01:29,109 [INFO] PluginManager:220 - loadIPPluginJar : add pdm2pcm
2024-04-22 20:01:29,134 [INFO] IPUIPlugin:80 - create IPUIPlugin
2024-04-22 20:01:29,138 [INFO] PluginManager:220 - loadIPPluginJar : add plateformsettings
2024-04-22 20:01:29,173 [INFO] IPUIPlugin:80 - create IPUIPlugin
2024-04-22 20:01:29,173 [INFO] PluginManager:220 - loadIPPluginJar : add quadspi
2024-04-22 20:01:29,193 [INFO] IPUIPlugin:80 - create IPUIPlugin
2024-04-22 20:01:29,193 [INFO] PluginManager:220 - loadIPPluginJar : add resmgrutility
2024-04-22 20:01:29,288 [INFO] IPUIPlugin:80 - create IPUIPlugin
2024-04-22 20:01:29,288 [INFO] PluginManager:220 - loadIPPluginJar : add sai
2024-04-22 20:01:29,355 [INFO] IPUIPlugin:80 - create IPUIPlugin
2024-04-22 20:01:29,356 [INFO] PluginManager:220 - loadIPPluginJar : add spi
2024-04-22 20:01:29,482 [INFO] IPUIPlugin:80 - create IPUIPlugin
2024-04-22 20:01:29,482 [INFO] PluginManager:220 - loadIPPluginJar : add stm32_wpan
2024-04-22 20:01:29,528 [INFO] IPUIPlugin:80 - create IPUIPlugin
2024-04-22 20:01:29,528 [INFO] PluginManager:220 - loadIPPluginJar : add tim
2024-04-22 20:01:29,625 [INFO] IPUIPlugin:80 - create IPUIPlugin
2024-04-22 20:01:29,625 [INFO] PluginManager:220 - loadIPPluginJar : add touchsensing
2024-04-22 20:01:29,661 [INFO] IPUIPlugin:80 - create IPUIPlugin
2024-04-22 20:01:29,661 [INFO] PluginManager:220 - loadIPPluginJar : add tracer_emb
2024-04-22 20:01:29,699 [INFO] IPUIPlugin:80 - create IPUIPlugin
2024-04-22 20:01:29,699 [INFO] PluginManager:220 - loadIPPluginJar : add ts
2024-04-22 20:01:29,738 [INFO] IPUIPlugin:80 - create IPUIPlugin
2024-04-22 20:01:29,739 [INFO] PluginManager:220 - loadIPPluginJar : add tsc
2024-04-22 20:01:29,785 [INFO] IPUIPlugin:80 - create IPUIPlugin
2024-04-22 20:01:29,786 [INFO] PluginManager:220 - loadIPPluginJar : add ucpd
2024-04-22 20:01:29,875 [INFO] IPUIPlugin:80 - create IPUIPlugin
2024-04-22 20:01:29,875 [INFO] PluginManager:220 - loadIPPluginJar : add usart
2024-04-22 20:01:29,946 [INFO] IPUIPlugin:80 - create IPUIPlugin
2024-04-22 20:01:29,947 [INFO] PluginManager:220 - loadIPPluginJar : add usbx
2024-04-22 20:01:30,138 [INFO] CADModel:165 - CPN selected for project level
2024-04-22 20:01:30,138 [INFO] CADModel:114 - Register for checkConnection events
2024-04-22 20:01:30,139 [FATAL] Updater:308 - Updater called before beeing initialized
2024-04-22 20:01:30,139 [ERROR] CADModel:125 - Updater not yet initialized, retry later 
2024-04-22 20:01:30,418 [INFO] CADModel:165 - CPN selected for project level
2024-04-22 20:01:30,419 [INFO] CADModel:114 - Register for checkConnection events
2024-04-22 20:01:30,419 [FATAL] Updater:308 - Updater called before beeing initialized
2024-04-22 20:01:30,419 [ERROR] CADModel:125 - Updater not yet initialized, retry later 
2024-04-22 20:01:30,428 [FATAL] Updater:308 - Updater called before beeing initialized
2024-04-22 20:01:30,667 [FATAL] Updater:308 - Updater called before beeing initialized
2024-04-22 20:01:30,682 [INFO] DbMcusAds:53 - JSON generation date=Wed Nov 29 17:52:27 ICT 2023 (1701255147349)
2024-04-22 20:01:30,683 [FATAL] Updater:308 - Updater called before beeing initialized
2024-04-22 20:01:30,828 [WARN] DetailPanel:346 - Failed to get advertising image, set to default
2024-04-22 20:01:31,010 [FATAL] Updater:308 - Updater called before beeing initialized
2024-04-22 20:01:31,013 [FATAL] Updater:308 - Updater called before beeing initialized
2024-04-22 20:01:31,034 [FATAL] Updater:308 - Updater called before beeing initialized
2024-04-22 20:01:31,034 [WARN] DetailPanel:346 - Failed to get advertising image, set to default
2024-04-22 20:01:31,035 [FATAL] Updater:308 - Updater called before beeing initialized
2024-04-22 20:01:31,207 [INFO] ThirdPartyUpdaterWithRetryManager:70 - Updater plugin not ready yet. [3/15]
2024-04-22 20:01:31,211 [ERROR] Updater:1120 - MainUpdater not yet initialized. External WinMGr cannot be set.
2024-04-22 20:01:31,234 [INFO] Updater:1056 - Updater Version found : 6.10.0
2024-04-22 20:01:31,269 [INFO] ApplicationProperties:184 - Using Application install path: C:\ST\STM32CubeIDE_1.14.1\STM32CubeIDE\plugins\com.st.stm32cube.common.mx_6.10.0.202311202037
2024-04-22 20:01:32,302 [INFO] MainUpdater:2873 - connection check result : 10
2024-04-22 20:01:32,302 [INFO] MainUpdater:3567 - Updater definition file requires update
2024-04-22 20:01:32,304 [INFO] MainUpdater:290 - Updater Check For Update Now.
2024-04-22 20:01:32,305 [INFO] MicroXplorer:498 - Change Database Version : DB.6.0.100
2024-04-22 20:01:32,336 [INFO] McuFinderGlobals:63 - Set McuFinder mode to 2 (CubeIDE integrated)
2024-04-22 20:01:32,739 [INFO] ServerAccessManage:473 - Download File updaters.zip
2024-04-22 20:01:32,877 [INFO] UserAuth:404 - Internet connection configuration mode: 1
2024-04-22 20:01:32,923 [INFO] JxBrowserEngine:152 - Initiate JxBrowser Engine with user profile folder
2024-04-22 20:01:33,144 [INFO] FileExtend:240 - Unzip File : updaters.zip
2024-04-22 20:01:33,144 [INFO] FileExtend:255 - Standard Zip Deflate
2024-04-22 20:01:34,279 [WARN] MainUpdater:1194 - Updater busy. Cannot search thirdparties
2024-04-22 20:01:34,285 [INFO] ThirdPartyUpdaterWithRetryManager:96 - Updater plugin is busy. [1/15]
2024-04-22 20:01:34,315 [INFO] ServerAccessManage:473 - Download File PacksControlFlags.xml
2024-04-22 20:01:34,568 [INFO] ServerAccessManage:473 - Download File cubemx.pidx
2024-04-22 20:01:34,804 [INFO] LoadServerUpdatesThread:375 - End of LoadServerUpdate Thread
2024-04-22 20:01:35,634 [INFO] CheckServerUpdateThread:120 - End of CheckServer Thread
2024-04-22 20:01:37,817 [WARN] PackLoader:240 - Cannot read IP mode file for STMicroelectronics.FP-SNS-MOTENVWB1.1.4.0
2024-04-22 20:01:37,852 [WARN] PackLoader:240 - Cannot read IP mode file for STMicroelectronics.X-CUBE-SMBUS.2.1.0
2024-04-22 20:01:37,876 [WARN] PackLoader:240 - Cannot read IP mode file for STMicroelectronics.X-CUBE-TOUCHGFX.4.23.1
2024-04-22 20:01:37,899 [WARN] PackLoader:240 - Cannot read IP mode file for STMicroelectronics.X-CUBE-TOUCHGFX.4.23.0
2024-04-22 20:01:37,927 [WARN] PackLoader:240 - Cannot read IP mode file for STMicroelectronics.X-CUBE-TOUCHGFX.4.23.2
2024-04-22 20:01:38,031 [WARN] PackLoader:240 - Cannot read IP mode file for STMicroelectronics.X-CUBE-AZRTOS-F7.1.1.0
2024-04-22 20:01:38,074 [WARN] PackLoader:240 - Cannot read IP mode file for STMicroelectronics.FP-SNS-MOTENV1.4.3.2
2024-04-22 20:01:38,109 [WARN] PackLoader:240 - Cannot read IP mode file for STMicroelectronics.FP-SNS-FLIGHT1.5.0.2
2024-04-22 20:01:38,145 [WARN] PackLoader:240 - Cannot read IP mode file for STMicroelectronics.X-CUBE-DISPLAY.3.0.0
2024-04-22 20:01:38,193 [WARN] PackLoader:240 - Cannot read IP mode file for STMicroelectronics.X-CUBE-BLE1.7.0.0
2024-04-22 20:01:38,218 [WARN] PackLoader:240 - Cannot read IP mode file for emotas.I-CUBE-CANOPEN.1.3.0
2024-04-22 20:01:38,258 [WARN] PackLoader:240 - Cannot read IP mode file for STMicroelectronics.X-CUBE-BLEMGR.3.1.0
2024-04-22 20:01:38,288 [WARN] PackLoader:240 - Cannot read IP mode file for STMicroelectronics.FP-SNS-SMARTAG2.1.2.0
2024-04-22 20:01:38,328 [INFO] LogOutputStream:77 - [STDOUT_REDIRECT] 1 : Invalid condition id : UX_CORESTACK_Condition cause : null
2024-04-22 20:01:38,329 [INFO] LogOutputStream:77 - [STDOUT_REDIRECT] 1 : Invalid condition id : UX_CORESTACK_Condition cause : null
2024-04-22 20:01:38,332 [INFO] LogOutputStream:77 - [STDOUT_REDIRECT] 1 : Invalid condition id : UX_CORESTACK_Condition cause : null
2024-04-22 20:01:38,334 [INFO] LogOutputStream:77 - [STDOUT_REDIRECT] 1 : Invalid condition id : UX_CORESTACK_Condition cause : null
2024-04-22 20:01:38,336 [INFO] LogOutputStream:77 - [STDOUT_REDIRECT] 1 : Invalid condition id : UX_CORESTACK_Condition cause : null
2024-04-22 20:01:38,341 [WARN] PackLoader:240 - Cannot read IP mode file for STMicroelectronics.X-CUBE-AZRTOS-WL.2.0.0
2024-04-22 20:01:38,373 [WARN] PackLoader:240 - Cannot read IP mode file for STMicroelectronics.FP-SNS-MOTENV1.5.0.0
2024-04-22 20:01:38,413 [WARN] PackLoader:240 - Cannot read IP mode file for WES.I-CUBE-Cesium.1.3.0
2024-04-22 20:01:38,439 [WARN] PackLoader:240 - Cannot read IP mode file for STMicroelectronics.X-CUBE-BLE2.3.3.0
2024-04-22 20:01:38,469 [WARN] PackLoader:240 - Cannot read IP mode file for STMicroelectronics.X-CUBE-TCPP.4.1.0
2024-04-22 20:01:38,753 [WARN] PackLoader:240 - Cannot read IP mode file for STMicroelectronics.X-CUBE-ALGOBUILD.1.3.0
2024-04-22 20:01:38,820 [WARN] PackLoader:240 - Cannot read IP mode file for STMicroelectronics.X-CUBE-AZRTOS-G0.1.1.0
2024-04-22 20:01:38,882 [WARN] PackLoader:240 - Cannot read IP mode file for STMicroelectronics.X-CUBE-SAFEA1.1.2.2
2024-04-22 20:01:38,931 [WARN] PackLoader:240 - Cannot read IP mode file for STMicroelectronics.X-CUBE-NFC4.3.0.0
2024-04-22 20:01:38,965 [WARN] PackLoader:240 - Cannot read IP mode file for STMicroelectronics.X-CUBE-BLEMGR.3.0.0
2024-04-22 20:01:38,994 [WARN] PackLoader:240 - Cannot read IP mode file for STMicroelectronics.FP-ATR-SIGFOX1.3.2.0
2024-04-22 20:01:39,025 [WARN] PackLoader:240 - Cannot read IP mode file for STMicroelectronics.X-CUBE-EEPRMA1.5.1.0
2024-04-22 20:01:39,094 [WARN] PackLoader:240 - Cannot read IP mode file for SEGGER.I-CUBE-embOS.1.3.1
2024-04-22 20:01:39,257 [WARN] PackLoader:240 - Cannot read IP mode file for STMicroelectronics.X-CUBE-GNSS1.6.0.0
2024-04-22 20:01:39,377 [WARN] PackLoader:240 - Cannot read IP mode file for STMicroelectronics.X-CUBE-AZRTOS-F4.1.1.0
2024-04-22 20:01:39,406 [WARN] PackLoader:240 - Cannot read IP mode file for wolfSSL.I-CUBE-wolfSSL.5.6.6
2024-04-22 20:01:39,467 [WARN] PackLoader:240 - Cannot read IP mode file for STMicroelectronics.X-CUBE-AZRTOS-L5.2.0.0
2024-04-22 20:01:39,501 [WARN] PackLoader:240 - Cannot read IP mode file for STMicroelectronics.X-CUBE-EEPRMA1.4.2.0
2024-04-22 20:01:39,532 [WARN] PackLoader:240 - Cannot read IP mode file for STMicroelectronics.X-CUBE-NFC6.3.1.0
2024-04-22 20:01:39,562 [WARN] PackLoader:240 - Cannot read IP mode file for ITTIA_DB.I-CUBE-ITTIADB.8.8.0
2024-04-22 20:01:39,692 [WARN] PackLoader:240 - Cannot read IP mode file for STMicroelectronics.X-CUBE-AI.9.0.0
2024-04-22 20:01:39,732 [WARN] PackLoader:240 - Cannot read IP mode file for STMicroelectronics.X-CUBE-NFC7.1.0.1
2024-04-22 20:01:39,764 [WARN] PackLoader:240 - Cannot read IP mode file for STMicroelectronics.X-CUBE-NFC6.3.0.0
2024-04-22 20:01:39,797 [WARN] PackLoader:240 - Cannot read IP mode file for STMicroelectronics.X-CUBE-AI.8.1.0
2024-04-22 20:01:39,857 [WARN] ConditionMgr:438 - getConditionDescription Invalid condition id : LAN8742 Phy interface Condition cause : null
2024-04-22 20:01:39,860 [WARN] PackLoader:240 - Cannot read IP mode file for STMicroelectronics.X-CUBE-AZRTOS-L4.2.0.0
2024-04-22 20:01:39,862 [WARN] ConditionMgr:1039 - genDependencies : Invalid condition id : LAN8742 Phy interface Condition cause : null
2024-04-22 20:01:39,863 [WARN] ConditionMgr:1039 - genDependencies : Invalid condition id : LAN8742 Phy interface Condition cause : null
2024-04-22 20:01:39,864 [WARN] ConditionMgr:1039 - genDependencies : Invalid condition id : LAN8742 Phy interface Condition cause : null
2024-04-22 20:01:39,902 [WARN] PackLoader:240 - Cannot read IP mode file for STMicroelectronics.X-CUBE-SFXS2LP1.4.0.0
2024-04-22 20:01:39,963 [WARN] ConditionMgr:438 - getConditionDescription Invalid condition id : UX DEVICE CLASS RTOS Condition cause : null
2024-04-22 20:01:39,964 [WARN] ConditionMgr:438 - getConditionDescription Invalid condition id : UX DEVICE CLASS RTOS Condition cause : null
2024-04-22 20:01:39,968 [WARN] PackLoader:240 - Cannot read IP mode file for STMicroelectronics.X-CUBE-AZRTOS-WB.2.0.0
2024-04-22 20:01:39,969 [WARN] ConditionMgr:1039 - genDependencies : Invalid condition id : UX DEVICE CLASS RTOS Condition cause : null
2024-04-22 20:01:39,969 [WARN] ConditionMgr:1039 - genDependencies : Invalid condition id : UX DEVICE CLASS RTOS Condition cause : null
2024-04-22 20:01:39,970 [WARN] ConditionMgr:1039 - genDependencies : Invalid condition id : UX DEVICE CLASS RTOS Condition cause : null
2024-04-22 20:01:39,970 [WARN] ConditionMgr:1039 - genDependencies : Invalid condition id : UX DEVICE CLASS RTOS Condition cause : null
2024-04-22 20:01:39,971 [WARN] ConditionMgr:1039 - genDependencies : Invalid condition id : UX DEVICE CLASS RTOS Condition cause : null
2024-04-22 20:01:40,016 [WARN] PackLoader:240 - Cannot read IP mode file for STMicroelectronics.X-CUBE-SUBG2.5.0.0
2024-04-22 20:01:40,083 [WARN] PackLoader:240 - Cannot read IP mode file for STMicroelectronics.X-CUBE-AZRTOS-G4.2.0.0
2024-04-22 20:01:40,138 [WARN] PackLoader:240 - Cannot read IP mode file for Infineon.AIROC-Wi-Fi-Bluetooth-STM32.1.5.1
2024-04-22 20:01:40,187 [WARN] PackLoader:240 - Cannot read IP mode file for STMicroelectronics.FP-SNS-MOTENVWB1.1.3.1
2024-04-22 20:01:40,217 [WARN] PackLoader:240 - Cannot read IP mode file for STMicroelectronics.X-CUBE-ISPU.2.0.0
2024-04-22 20:01:40,429 [WARN] PackLoader:240 - Cannot read IP mode file for STMicroelectronics.X-CUBE-MEMS1.10.0.0
2024-04-22 20:01:40,844 [WARN] PackLoader:240 - Cannot read IP mode file for STMicroelectronics.X-CUBE-FREERTOS.1.1.0
2024-04-22 20:01:40,902 [WARN] PackLoader:240 - Cannot read IP mode file for portGmbH.I-Cube-SoM-uGOAL.1.1.0
2024-04-22 20:01:41,362 [WARN] PackLoader:240 - Cannot read IP mode file for STMicroelectronics.X-CUBE-ALS.1.0.1
2024-04-22 20:01:41,363 [INFO] WebApp:161 - Instantiating new browser for Auth
2024-04-22 20:01:41,792 [WARN] PackLoader:240 - Cannot read IP mode file for STMicroelectronics.X-CUBE-AZRTOS-H7RS.1.0.0
2024-04-22 20:01:41,828 [WARN] PackLoader:240 - Cannot read IP mode file for STMicroelectronics.FP-ATR-ASTRA1.2.0.0
2024-04-22 20:01:41,893 [WARN] PackLoader:240 - Cannot read IP mode file for STMicroelectronics.X-CUBE-TOF1.3.4.0
2024-04-22 20:01:41,966 [WARN] PackLoader:240 - Cannot read IP mode file for STMicroelectronics.X-CUBE-TOF1.3.4.1
2024-04-22 20:01:42,051 [WARN] PackLoader:240 - Cannot read IP mode file for STMicroelectronics.X-CUBE-AZRTOS-H7.3.2.0
2024-04-22 20:01:42,058 [INFO] ThirdParty:978 - Integrity check success = true
2024-04-22 20:01:42,058 [INFO] IntegrityCheckThread:100 - exiting critical section [integrity check]
2024-04-22 20:01:42,059 [INFO] IntegrityCheckThread:103 - End integrity checks thread
2024-04-22 20:01:43,002 [INFO] WebApp:780 - Register for checkConnection events
2024-04-22 20:01:43,002 [INFO] WebApp:414 - Apply proxy settings
2024-04-22 20:01:43,003 [INFO] WebApp:499 - Chromium requires no authentication
2024-04-22 20:01:43,022 [INFO] WebApp:442 - Direct internet connection detected
2024-04-22 20:01:43,456 [INFO] WebApp:192 - Starting web application
2024-04-22 20:01:43,456 [INFO] WebApp:544 - Web application path used C:\ST\STM32CubeIDE_1.14.1\STM32CubeIDE\plugins\com.st.stm32cube.common.mx_6.10.0.202311202037\db\plugins\mcufinder\reactClient1\index.html
2024-04-22 20:02:05,568 [ERROR] LogOutputStream:75 - [STDERR_REDIRECT] SLF4J: Failed to load class "org.slf4j.impl.StaticLoggerBinder".
2024-04-22 20:02:05,568 [ERROR] LogOutputStream:75 - [STDERR_REDIRECT] SLF4J: Defaulting to no-operation (NOP) logger implementation
2024-04-22 20:02:05,571 [ERROR] LogOutputStream:75 - [STDERR_REDIRECT] SLF4J: See http://www.slf4j.org/codes.html#StaticLoggerBinder for further details.
2024-04-22 20:11:59,463 [ERROR] LogOutputStream:75 - [STDERR_REDIRECT] 
