2024-04-16 11:57:01,525 [INFO] Activator:176 - 


2024-04-16 11:57:01,528 [INFO] Activator:177 - !SESSION log4j initialized
2024-04-16 11:57:04,789 [INFO] LogOutputStream:77 - [STDOUT_REDIRECT] 
2024-04-16 11:57:25,361 [INFO] ApplicationProperties:184 - Using Application install path: C:\ST\STM32CubeIDE_1.14.1\STM32CubeIDE\plugins\com.st.stm32cube.common.mx_6.10.0.202311202037
2024-04-16 11:57:25,400 [INFO] DbMcusXml:78 - Set database path to: C:\ST\STM32CubeIDE_1.14.1\STM32CubeIDE\plugins\com.st.stm32cube.common.mx_6.10.0.202311202037\\db\/mcu/
2024-04-16 11:57:25,401 [INFO] ApiDb:274 - Set plugin database path to: C:\ST\STM32CubeIDE_1.14.1\STM32CubeIDE\plugins\com.st.stm32cube.common.mx_6.10.0.202311202037\\db\/plugins/boardmanager/
2024-04-16 11:57:25,410 [WARN] ApiDb:259 - Overriding images path with different value:  => C:\ST\STM32CubeIDE_1.14.1\STM32CubeIDE\plugins\com.st.stm32cube.common.mx_6.10.0.202311202037\\db\/plugins/mcufinder/images/
2024-04-16 11:57:25,425 [INFO] ApiDb:250 - Set database path to: C:\Users\chayu\.stmcufinder\plugins\mcufinder//mcu/
2024-04-16 11:57:25,428 [INFO] DbMcusAds:125 - Set database path to: C:\Users\chayu\.stmcufinder\plugins\mcufinder//mcu/
2024-04-16 11:57:25,444 [INFO] CrossReferenceDbSqlite:203 - Set database path to: C:\Users\chayu\.stmcufinder\plugins\mcufinder//mcu/cs/
2024-04-16 11:57:25,744 [INFO] RulesReader:64 - Compatibility file has been processed (297 Rules)
2024-04-16 11:57:25,973 [INFO] DbMcusXml:78 - Set database path to: C:\ST\STM32CubeIDE_1.14.1\STM32CubeIDE\plugins\com.st.stm32cube.common.mx_6.10.0.202311202037\\db\/mcu/
2024-04-16 11:57:25,974 [INFO] ApiDb:274 - Set plugin database path to: C:\ST\STM32CubeIDE_1.14.1\STM32CubeIDE\plugins\com.st.stm32cube.common.mx_6.10.0.202311202037\\db\/plugins/boardmanager/
2024-04-16 11:57:25,975 [INFO] ApiDb:261 - Set plugin images path to: C:\ST\STM32CubeIDE_1.14.1\STM32CubeIDE\plugins\com.st.stm32cube.common.mx_6.10.0.202311202037\\db\/plugins/mcufinder/images/
2024-04-16 11:57:25,976 [WARN] DbFile:41 - Overriding database path with different value: C:\Users\chayu\.stmcufinder\plugins\mcufinder/ => C:\Users\chayu\.stmcufinder\plugins\mcufinder
2024-04-16 11:57:25,976 [INFO] ApiDb:250 - Set database path to: C:\Users\chayu\.stmcufinder\plugins\mcufinder//mcu/
2024-04-16 11:57:25,977 [WARN] DbFile:41 - Overriding database path with different value: C:\Users\chayu\.stmcufinder\plugins\mcufinder/ => C:\Users\chayu\.stmcufinder\plugins\mcufinder
2024-04-16 11:57:25,977 [INFO] DbMcusAds:125 - Set database path to: C:\Users\chayu\.stmcufinder\plugins\mcufinder//mcu/
2024-04-16 11:57:25,977 [WARN] DbFile:41 - Overriding database path with different value: C:\Users\chayu\.stmcufinder\plugins\mcufinder/ => C:\Users\chayu\.stmcufinder\plugins\mcufinder
2024-04-16 11:57:25,978 [WARN] DbFile:41 - Overriding database path with different value: C:\Users\chayu\.stmcufinder\plugins\mcufinder/ => C:\Users\chayu\.stmcufinder\plugins\mcufinder
2024-04-16 11:57:25,978 [INFO] CrossReferenceDbSqlite:203 - Set database path to: C:\Users\chayu\.stmcufinder\plugins\mcufinder//mcu/cs/
2024-04-16 11:57:26,129 [INFO] MainPanel:264 - HeapMemory: 398458880
2024-04-16 11:57:26,308 [INFO] DbMcusXml:78 - Set database path to: C:\ST\STM32CubeIDE_1.14.1\STM32CubeIDE\plugins\com.st.stm32cube.common.mx_6.10.0.202311202037\\db\/mcu/
2024-04-16 11:57:26,308 [INFO] ApiDb:274 - Set plugin database path to: C:\ST\STM32CubeIDE_1.14.1\STM32CubeIDE\plugins\com.st.stm32cube.common.mx_6.10.0.202311202037\\db\/plugins/boardmanager/
2024-04-16 11:57:26,308 [INFO] ApiDb:261 - Set plugin images path to: C:\ST\STM32CubeIDE_1.14.1\STM32CubeIDE\plugins\com.st.stm32cube.common.mx_6.10.0.202311202037\\db\/plugins/mcufinder/images/
2024-04-16 11:57:26,309 [WARN] DbFile:41 - Overriding database path with different value: C:\Users\chayu\.stmcufinder\plugins\mcufinder/ => C:\Users\chayu\.stmcufinder\plugins\mcufinder
2024-04-16 11:57:26,309 [INFO] ApiDb:250 - Set database path to: C:\Users\chayu\.stmcufinder\plugins\mcufinder//mcu/
2024-04-16 11:57:26,309 [WARN] DbFile:41 - Overriding database path with different value: C:\Users\chayu\.stmcufinder\plugins\mcufinder/ => C:\Users\chayu\.stmcufinder\plugins\mcufinder
2024-04-16 11:57:26,310 [INFO] DbMcusAds:125 - Set database path to: C:\Users\chayu\.stmcufinder\plugins\mcufinder//mcu/
2024-04-16 11:57:26,310 [WARN] DbFile:41 - Overriding database path with different value: C:\Users\chayu\.stmcufinder\plugins\mcufinder/ => C:\Users\chayu\.stmcufinder\plugins\mcufinder
2024-04-16 11:57:26,310 [WARN] DbFile:41 - Overriding database path with different value: C:\Users\chayu\.stmcufinder\plugins\mcufinder/ => C:\Users\chayu\.stmcufinder\plugins\mcufinder
2024-04-16 11:57:26,310 [INFO] CrossReferenceDbSqlite:203 - Set database path to: C:\Users\chayu\.stmcufinder\plugins\mcufinder//mcu/cs/
2024-04-16 11:57:26,362 [INFO] ApplicationProperties:184 - Using Application install path: C:\ST\STM32CubeIDE_1.14.1\STM32CubeIDE\plugins\com.st.stm32cube.common.mx_6.10.0.202311202037
2024-04-16 11:57:26,366 [INFO] PluginManage:196 - Search for loadable plugins [exclusion list=, ]
2024-04-16 11:57:26,369 [INFO] PluginManage:310 - Check plugin analytics
2024-04-16 11:57:26,795 [INFO] AnalyticsPlugin:253 - Accepted Software Licenses: STM32CubeMX.6.10.0
2024-04-16 11:57:26,796 [INFO] AnalyticsPlugin:255 - Accepted CMSIS Pack Licenses: ARM.CMSIS-DSP.1.15.0
2024-04-16 11:57:26,797 [INFO] AnalyticsPlugin:257 - Accepted Firmware Licenses: FW.G4.1.5.0
2024-04-16 11:57:26,803 [INFO] PluginManage:359 - Loaded plugin analytics (category:tool,tabindex:-1)
2024-04-16 11:57:26,804 [INFO] PluginManage:310 - Check plugin cadmodel
2024-04-16 11:57:26,812 [INFO] CADModel:105 - Init CAD model plugin
2024-04-16 11:57:26,812 [INFO] PluginManage:359 - Loaded plugin cadmodel (category:power,tabindex:5)
2024-04-16 11:57:26,813 [INFO] PluginManage:310 - Check plugin clock
2024-04-16 11:57:26,834 [INFO] PluginManage:359 - Loaded plugin clock (category:base,tabindex:2)
2024-04-16 11:57:26,835 [INFO] PluginManage:310 - Check plugin ddr
2024-04-16 11:57:26,840 [INFO] PluginManage:359 - Loaded plugin ddr (category:tool,tabindex:6)
2024-04-16 11:57:26,840 [INFO] PluginManage:310 - Check plugin filemanager
2024-04-16 11:57:27,227 [INFO] PluginManage:359 - Loaded plugin filemanager (category:base,tabindex:10)
2024-04-16 11:57:27,228 [INFO] PluginManage:310 - Check plugin ipmanager
2024-04-16 11:57:27,246 [INFO] PluginManage:359 - Loaded plugin ipmanager (category:base,tabindex:5)
2024-04-16 11:57:27,247 [INFO] PluginManage:310 - Check plugin lpbam
2024-04-16 11:57:27,271 [INFO] PluginManage:359 - Loaded plugin lpbam (category:base,tabindex:0)
2024-04-16 11:57:27,271 [INFO] PluginManage:310 - Check plugin memorymap
2024-04-16 11:57:27,298 [INFO] PluginManage:359 - Loaded plugin memorymap (category:base,tabindex:4)
2024-04-16 11:57:27,298 [INFO] PluginManage:310 - Check plugin pinoutandconfiguration
2024-04-16 11:57:27,320 [INFO] PluginManage:359 - Loaded plugin pinoutandconfiguration (category:base,tabindex:1)
2024-04-16 11:57:27,321 [INFO] PluginManage:310 - Check plugin pinoutconfig
2024-04-16 11:57:27,509 [WARN] SupportedApi:132 - Cannot load RTOS API schema: s4s-elt-must-match.1: The content of 'definitions' must match (annotation?, (simpleType | complexType)?, (unique | key | keyref)*)). A problem was found starting at: attribute.
2024-04-16 11:57:27,845 [INFO] PluginManage:359 - Loaded plugin pinoutconfig (category:base,tabindex:0)
2024-04-16 11:57:27,845 [INFO] PluginManage:310 - Check plugin power
2024-04-16 11:57:27,867 [INFO] PluginManage:359 - Loaded plugin power (category:power,tabindex:4)
2024-04-16 11:57:27,868 [INFO] PluginManage:310 - Check plugin projectmanager
2024-04-16 11:57:27,914 [INFO] PluginManage:359 - Loaded plugin projectmanager (category:projectmanager,tabindex:3)
2024-04-16 11:57:27,915 [INFO] PluginManage:310 - Check plugin thirdparty
2024-04-16 11:57:28,235 [INFO] PluginManage:359 - Loaded plugin thirdparty (category:base,tabindex:-1)
2024-04-16 11:57:28,235 [WARN] IntegrityCheckThread:84 - waiting for thirdparty lock release [integrity check]
2024-04-16 11:57:28,236 [INFO] PluginManage:310 - Check plugin tools
2024-04-16 11:57:28,236 [INFO] IntegrityCheckThread:86 - entering critical section [integrity check]
2024-04-16 11:57:28,237 [INFO] ThirdPartyUpdaterWithRetryManager:70 - Updater plugin not ready yet. [1/15]
2024-04-16 11:57:28,243 [INFO] PluginManage:359 - Loaded plugin tools (category:base,tabindex:7)
2024-04-16 11:57:28,243 [INFO] PluginManage:310 - Check plugin tutovideos
2024-04-16 11:57:28,658 [INFO] PluginManage:359 - Loaded plugin tutovideos (category:base,tabindex:-1)
2024-04-16 11:57:28,659 [INFO] PluginManage:310 - Check plugin updater
2024-04-16 11:57:28,680 [INFO] PluginManage:359 - Loaded plugin updater (category:base,tabindex:12)
2024-04-16 11:57:28,680 [INFO] PluginManage:310 - Check plugin userauth
2024-04-16 11:57:28,689 [INFO] UserAuth:114 - Init User Auth plugin
2024-04-16 11:57:28,690 [INFO] PluginManage:359 - Loaded plugin userauth (category:base,tabindex:14)
2024-04-16 11:57:28,691 [INFO] PluginManage:283 - PluginManage : Loaded plugins [17]
2024-04-16 11:57:29,166 [INFO] PinOutPanel:1499 - setPackage(No Configuration,No Configuration)
2024-04-16 11:57:29,335 [INFO] CADModel:165 - CPN selected for project level
2024-04-16 11:57:29,336 [INFO] CADModel:114 - Register for checkConnection events
2024-04-16 11:57:29,374 [INFO] IPUIPlugin:80 - create IPUIPlugin
2024-04-16 11:57:29,375 [INFO] PluginManager:220 - loadIPPluginJar : add adc
2024-04-16 11:57:29,381 [INFO] IPUIPlugin:80 - create IPUIPlugin
2024-04-16 11:57:29,382 [INFO] PluginManager:220 - loadIPPluginJar : add aes
2024-04-16 11:57:29,387 [INFO] IPUIPlugin:80 - create IPUIPlugin
2024-04-16 11:57:29,388 [INFO] PluginManager:220 - loadIPPluginJar : add can
2024-04-16 11:57:29,392 [INFO] IPUIPlugin:80 - create IPUIPlugin
2024-04-16 11:57:29,393 [INFO] PluginManager:220 - loadIPPluginJar : add comp
2024-04-16 11:57:29,398 [INFO] IPUIPlugin:80 - create IPUIPlugin
2024-04-16 11:57:29,399 [INFO] PluginManager:220 - loadIPPluginJar : add cryp
2024-04-16 11:57:29,404 [INFO] IPUIPlugin:80 - create IPUIPlugin
2024-04-16 11:57:29,404 [INFO] PluginManager:220 - loadIPPluginJar : add dfsdm
2024-04-16 11:57:29,416 [INFO] IPUIPlugin:80 - create IPUIPlugin
2024-04-16 11:57:29,417 [INFO] PluginManager:220 - loadIPPluginJar : add dma
2024-04-16 11:57:29,423 [INFO] IPUIPlugin:80 - create IPUIPlugin
2024-04-16 11:57:29,423 [INFO] PluginManager:220 - loadIPPluginJar : add dma3
2024-04-16 11:57:29,427 [INFO] IPUIPlugin:80 - create IPUIPlugin
2024-04-16 11:57:29,427 [INFO] PluginManager:220 - loadIPPluginJar : add fatfs
2024-04-16 11:57:29,435 [INFO] IPUIPlugin:80 - create IPUIPlugin
2024-04-16 11:57:29,435 [INFO] PluginManager:220 - loadIPPluginJar : add fmc
2024-04-16 11:57:29,445 [INFO] IPUIPlugin:80 - create IPUIPlugin
2024-04-16 11:57:29,446 [INFO] PluginManager:220 - loadIPPluginJar : add freertos
2024-04-16 11:57:29,449 [INFO] IPUIPlugin:80 - create IPUIPlugin
2024-04-16 11:57:29,449 [INFO] PluginManager:220 - loadIPPluginJar : add genericplugin
2024-04-16 11:57:29,454 [INFO] IPUIPlugin:80 - create IPUIPlugin
2024-04-16 11:57:29,455 [INFO] PluginManager:220 - loadIPPluginJar : add gfxmmu
2024-04-16 11:57:29,466 [INFO] IPUIPlugin:80 - create IPUIPlugin
2024-04-16 11:57:29,466 [INFO] PluginManager:220 - loadIPPluginJar : add gic
2024-04-16 11:57:29,473 [INFO] IPUIPlugin:80 - create IPUIPlugin
2024-04-16 11:57:29,474 [INFO] PluginManager:220 - loadIPPluginJar : add gpio
2024-04-16 11:57:29,480 [INFO] IPUIPlugin:80 - create IPUIPlugin
2024-04-16 11:57:29,480 [INFO] PluginManager:220 - loadIPPluginJar : add gtzc
2024-04-16 11:57:29,485 [INFO] IPUIPlugin:80 - create IPUIPlugin
2024-04-16 11:57:29,485 [INFO] PluginManager:220 - loadIPPluginJar : add hash
2024-04-16 11:57:29,493 [INFO] IPUIPlugin:80 - create IPUIPlugin
2024-04-16 11:57:29,493 [INFO] PluginManager:220 - loadIPPluginJar : add i2c
2024-04-16 11:57:29,499 [INFO] IPUIPlugin:80 - create IPUIPlugin
2024-04-16 11:57:29,499 [INFO] PluginManager:220 - loadIPPluginJar : add i2s
2024-04-16 11:57:29,506 [INFO] IPUIPlugin:80 - create IPUIPlugin
2024-04-16 11:57:29,506 [INFO] PluginManager:220 - loadIPPluginJar : add i3c
2024-04-16 11:57:29,513 [INFO] IPUIPlugin:80 - create IPUIPlugin
2024-04-16 11:57:29,514 [INFO] PluginManager:220 - loadIPPluginJar : add ipddr
2024-04-16 11:57:29,530 [INFO] IPUIPlugin:80 - create IPUIPlugin
2024-04-16 11:57:29,530 [INFO] PluginManager:220 - loadIPPluginJar : add linkedlist
2024-04-16 11:57:29,537 [INFO] IPUIPlugin:80 - create IPUIPlugin
2024-04-16 11:57:29,538 [INFO] PluginManager:220 - loadIPPluginJar : add lorawan
2024-04-16 11:57:29,542 [INFO] IPUIPlugin:80 - create IPUIPlugin
2024-04-16 11:57:29,542 [INFO] PluginManager:220 - loadIPPluginJar : add ltdc
2024-04-16 11:57:29,556 [INFO] IPUIPlugin:80 - create IPUIPlugin
2024-04-16 11:57:29,557 [INFO] PluginManager:220 - loadIPPluginJar : add mdma
2024-04-16 11:57:29,564 [INFO] IPUIPlugin:80 - create IPUIPlugin
2024-04-16 11:57:29,565 [INFO] PluginManager:220 - loadIPPluginJar : add nvic
2024-04-16 11:57:29,571 [INFO] IPUIPlugin:80 - create IPUIPlugin
2024-04-16 11:57:29,571 [INFO] PluginManager:220 - loadIPPluginJar : add opamp
2024-04-16 11:57:29,577 [INFO] IPUIPlugin:80 - create IPUIPlugin
2024-04-16 11:57:29,578 [INFO] PluginManager:220 - loadIPPluginJar : add openamp
2024-04-16 11:57:29,586 [INFO] IPUIPlugin:80 - create IPUIPlugin
2024-04-16 11:57:29,586 [INFO] PluginManager:220 - loadIPPluginJar : add pdm2pcm
2024-04-16 11:57:29,598 [INFO] IPUIPlugin:80 - create IPUIPlugin
2024-04-16 11:57:29,604 [INFO] PluginManager:220 - loadIPPluginJar : add plateformsettings
2024-04-16 11:57:29,607 [INFO] IPUIPlugin:80 - create IPUIPlugin
2024-04-16 11:57:29,608 [INFO] PluginManager:220 - loadIPPluginJar : add quadspi
2024-04-16 11:57:29,629 [INFO] IPUIPlugin:80 - create IPUIPlugin
2024-04-16 11:57:29,629 [INFO] PluginManager:220 - loadIPPluginJar : add resmgrutility
2024-04-16 11:57:29,637 [INFO] IPUIPlugin:80 - create IPUIPlugin
2024-04-16 11:57:29,638 [INFO] PluginManager:220 - loadIPPluginJar : add sai
2024-04-16 11:57:29,644 [INFO] IPUIPlugin:80 - create IPUIPlugin
2024-04-16 11:57:29,645 [INFO] PluginManager:220 - loadIPPluginJar : add spi
2024-04-16 11:57:29,655 [INFO] IPUIPlugin:80 - create IPUIPlugin
2024-04-16 11:57:29,655 [INFO] PluginManager:220 - loadIPPluginJar : add stm32_wpan
2024-04-16 11:57:29,658 [INFO] IPUIPlugin:80 - create IPUIPlugin
2024-04-16 11:57:29,658 [INFO] PluginManager:220 - loadIPPluginJar : add tim
2024-04-16 11:57:29,664 [INFO] IPUIPlugin:80 - create IPUIPlugin
2024-04-16 11:57:29,665 [INFO] PluginManager:220 - loadIPPluginJar : add touchsensing
2024-04-16 11:57:29,668 [INFO] IPUIPlugin:80 - create IPUIPlugin
2024-04-16 11:57:29,669 [INFO] PluginManager:220 - loadIPPluginJar : add tracer_emb
2024-04-16 11:57:29,673 [INFO] IPUIPlugin:80 - create IPUIPlugin
2024-04-16 11:57:29,674 [INFO] PluginManager:220 - loadIPPluginJar : add ts
2024-04-16 11:57:29,677 [INFO] IPUIPlugin:80 - create IPUIPlugin
2024-04-16 11:57:29,678 [INFO] PluginManager:220 - loadIPPluginJar : add tsc
2024-04-16 11:57:29,682 [INFO] IPUIPlugin:80 - create IPUIPlugin
2024-04-16 11:57:29,682 [INFO] PluginManager:220 - loadIPPluginJar : add ucpd
2024-04-16 11:57:29,688 [INFO] IPUIPlugin:80 - create IPUIPlugin
2024-04-16 11:57:29,688 [INFO] PluginManager:220 - loadIPPluginJar : add usart
2024-04-16 11:57:29,694 [INFO] IPUIPlugin:80 - create IPUIPlugin
2024-04-16 11:57:29,695 [INFO] PluginManager:220 - loadIPPluginJar : add usbx
2024-04-16 11:57:29,889 [INFO] CADModel:165 - CPN selected for project level
2024-04-16 11:57:29,890 [INFO] CADModel:114 - Register for checkConnection events
2024-04-16 11:57:29,890 [FATAL] Updater:308 - Updater called before beeing initialized
2024-04-16 11:57:29,890 [ERROR] CADModel:125 - Updater not yet initialized, retry later 
2024-04-16 11:57:30,180 [INFO] CADModel:165 - CPN selected for project level
2024-04-16 11:57:30,181 [INFO] CADModel:114 - Register for checkConnection events
2024-04-16 11:57:30,181 [FATAL] Updater:308 - Updater called before beeing initialized
2024-04-16 11:57:30,181 [ERROR] CADModel:125 - Updater not yet initialized, retry later 
2024-04-16 11:57:30,188 [FATAL] Updater:308 - Updater called before beeing initialized
2024-04-16 11:57:30,418 [FATAL] Updater:308 - Updater called before beeing initialized
2024-04-16 11:57:30,425 [INFO] DbMcusAds:53 - JSON generation date=Wed Nov 29 17:52:27 ICT 2023 (1701255147349)
2024-04-16 11:57:30,426 [FATAL] Updater:308 - Updater called before beeing initialized
2024-04-16 11:57:30,487 [WARN] DetailPanel:346 - Failed to get advertising image, set to default
2024-04-16 11:57:30,656 [FATAL] Updater:308 - Updater called before beeing initialized
2024-04-16 11:57:30,658 [FATAL] Updater:308 - Updater called before beeing initialized
2024-04-16 11:57:30,659 [FATAL] Updater:308 - Updater called before beeing initialized
2024-04-16 11:57:30,659 [WARN] DetailPanel:346 - Failed to get advertising image, set to default
2024-04-16 11:57:30,660 [FATAL] Updater:308 - Updater called before beeing initialized
2024-04-16 11:57:30,739 [ERROR] Updater:1120 - MainUpdater not yet initialized. External WinMGr cannot be set.
2024-04-16 11:57:30,743 [INFO] Updater:1056 - Updater Version found : 6.10.0
2024-04-16 11:57:30,768 [INFO] ApplicationProperties:184 - Using Application install path: C:\ST\STM32CubeIDE_1.14.1\STM32CubeIDE\plugins\com.st.stm32cube.common.mx_6.10.0.202311202037
2024-04-16 11:57:31,239 [INFO] ThirdPartyUpdaterWithRetryManager:70 - Updater plugin not ready yet. [2/15]
2024-04-16 11:57:31,398 [INFO] MainUpdater:2873 - connection check result : 10
2024-04-16 11:57:31,400 [INFO] MainUpdater:290 - Updater Check For Update Now.
2024-04-16 11:57:31,400 [INFO] MicroXplorer:498 - Change Database Version : DB.6.0.100
2024-04-16 11:57:31,416 [INFO] McuFinderGlobals:63 - Set McuFinder mode to 2 (CubeIDE integrated)
2024-04-16 11:57:31,689 [INFO] UserAuth:404 - Internet connection configuration mode: 1
2024-04-16 11:57:31,695 [INFO] CheckServerUpdateThread:120 - End of CheckServer Thread
2024-04-16 11:57:31,716 [INFO] JxBrowserEngine:152 - Initiate JxBrowser Engine with user profile folder
2024-04-16 11:57:33,346 [INFO] WebApp:161 - Instantiating new browser for Auth
2024-04-16 11:57:33,641 [ERROR] LogOutputStream:75 - [STDERR_REDIRECT] 
2024-04-16 11:57:51,274 [INFO] Activator:176 - 


2024-04-16 11:57:51,278 [INFO] Activator:177 - !SESSION log4j initialized
2024-04-16 11:57:55,520 [INFO] LogOutputStream:77 - [STDOUT_REDIRECT] 
2024-04-16 11:58:28,312 [INFO] ApplicationProperties:184 - Using Application install path: C:\ST\STM32CubeIDE_1.14.1\STM32CubeIDE\plugins\com.st.stm32cube.common.mx_6.10.0.202311202037
2024-04-16 11:58:28,379 [INFO] DbMcusXml:78 - Set database path to: C:\ST\STM32CubeIDE_1.14.1\STM32CubeIDE\plugins\com.st.stm32cube.common.mx_6.10.0.202311202037\\db\/mcu/
2024-04-16 11:58:28,379 [INFO] ApiDb:274 - Set plugin database path to: C:\ST\STM32CubeIDE_1.14.1\STM32CubeIDE\plugins\com.st.stm32cube.common.mx_6.10.0.202311202037\\db\/plugins/boardmanager/
2024-04-16 11:58:28,380 [WARN] ApiDb:259 - Overriding images path with different value:  => C:\ST\STM32CubeIDE_1.14.1\STM32CubeIDE\plugins\com.st.stm32cube.common.mx_6.10.0.202311202037\\db\/plugins/mcufinder/images/
2024-04-16 11:58:28,393 [INFO] ApiDb:250 - Set database path to: C:\Users\chayu\.stmcufinder\plugins\mcufinder//mcu/
2024-04-16 11:58:28,397 [INFO] DbMcusAds:125 - Set database path to: C:\Users\chayu\.stmcufinder\plugins\mcufinder//mcu/
2024-04-16 11:58:28,418 [INFO] CrossReferenceDbSqlite:203 - Set database path to: C:\Users\chayu\.stmcufinder\plugins\mcufinder//mcu/cs/
2024-04-16 11:58:28,783 [INFO] RulesReader:64 - Compatibility file has been processed (297 Rules)
2024-04-16 11:58:28,952 [INFO] DbMcusXml:78 - Set database path to: C:\ST\STM32CubeIDE_1.14.1\STM32CubeIDE\plugins\com.st.stm32cube.common.mx_6.10.0.202311202037\\db\/mcu/
2024-04-16 11:58:28,953 [INFO] ApiDb:274 - Set plugin database path to: C:\ST\STM32CubeIDE_1.14.1\STM32CubeIDE\plugins\com.st.stm32cube.common.mx_6.10.0.202311202037\\db\/plugins/boardmanager/
2024-04-16 11:58:28,954 [INFO] ApiDb:261 - Set plugin images path to: C:\ST\STM32CubeIDE_1.14.1\STM32CubeIDE\plugins\com.st.stm32cube.common.mx_6.10.0.202311202037\\db\/plugins/mcufinder/images/
2024-04-16 11:58:28,954 [WARN] DbFile:41 - Overriding database path with different value: C:\Users\chayu\.stmcufinder\plugins\mcufinder/ => C:\Users\chayu\.stmcufinder\plugins\mcufinder
2024-04-16 11:58:28,954 [INFO] ApiDb:250 - Set database path to: C:\Users\chayu\.stmcufinder\plugins\mcufinder//mcu/
2024-04-16 11:58:28,955 [WARN] DbFile:41 - Overriding database path with different value: C:\Users\chayu\.stmcufinder\plugins\mcufinder/ => C:\Users\chayu\.stmcufinder\plugins\mcufinder
2024-04-16 11:58:28,955 [INFO] DbMcusAds:125 - Set database path to: C:\Users\chayu\.stmcufinder\plugins\mcufinder//mcu/
2024-04-16 11:58:28,955 [WARN] DbFile:41 - Overriding database path with different value: C:\Users\chayu\.stmcufinder\plugins\mcufinder/ => C:\Users\chayu\.stmcufinder\plugins\mcufinder
2024-04-16 11:58:28,955 [WARN] DbFile:41 - Overriding database path with different value: C:\Users\chayu\.stmcufinder\plugins\mcufinder/ => C:\Users\chayu\.stmcufinder\plugins\mcufinder
2024-04-16 11:58:28,955 [INFO] CrossReferenceDbSqlite:203 - Set database path to: C:\Users\chayu\.stmcufinder\plugins\mcufinder//mcu/cs/
2024-04-16 11:58:29,113 [INFO] MainPanel:264 - HeapMemory: 268435456
2024-04-16 11:58:29,246 [INFO] DbMcusXml:78 - Set database path to: C:\ST\STM32CubeIDE_1.14.1\STM32CubeIDE\plugins\com.st.stm32cube.common.mx_6.10.0.202311202037\\db\/mcu/
2024-04-16 11:58:29,247 [INFO] ApiDb:274 - Set plugin database path to: C:\ST\STM32CubeIDE_1.14.1\STM32CubeIDE\plugins\com.st.stm32cube.common.mx_6.10.0.202311202037\\db\/plugins/boardmanager/
2024-04-16 11:58:29,247 [INFO] ApiDb:261 - Set plugin images path to: C:\ST\STM32CubeIDE_1.14.1\STM32CubeIDE\plugins\com.st.stm32cube.common.mx_6.10.0.202311202037\\db\/plugins/mcufinder/images/
2024-04-16 11:58:29,248 [WARN] DbFile:41 - Overriding database path with different value: C:\Users\chayu\.stmcufinder\plugins\mcufinder/ => C:\Users\chayu\.stmcufinder\plugins\mcufinder
2024-04-16 11:58:29,248 [INFO] ApiDb:250 - Set database path to: C:\Users\chayu\.stmcufinder\plugins\mcufinder//mcu/
2024-04-16 11:58:29,249 [WARN] DbFile:41 - Overriding database path with different value: C:\Users\chayu\.stmcufinder\plugins\mcufinder/ => C:\Users\chayu\.stmcufinder\plugins\mcufinder
2024-04-16 11:58:29,249 [INFO] DbMcusAds:125 - Set database path to: C:\Users\chayu\.stmcufinder\plugins\mcufinder//mcu/
2024-04-16 11:58:29,249 [WARN] DbFile:41 - Overriding database path with different value: C:\Users\chayu\.stmcufinder\plugins\mcufinder/ => C:\Users\chayu\.stmcufinder\plugins\mcufinder
2024-04-16 11:58:29,249 [WARN] DbFile:41 - Overriding database path with different value: C:\Users\chayu\.stmcufinder\plugins\mcufinder/ => C:\Users\chayu\.stmcufinder\plugins\mcufinder
2024-04-16 11:58:29,249 [INFO] CrossReferenceDbSqlite:203 - Set database path to: C:\Users\chayu\.stmcufinder\plugins\mcufinder//mcu/cs/
2024-04-16 11:58:29,292 [INFO] ApplicationProperties:184 - Using Application install path: C:\ST\STM32CubeIDE_1.14.1\STM32CubeIDE\plugins\com.st.stm32cube.common.mx_6.10.0.202311202037
2024-04-16 11:58:29,295 [INFO] PluginManage:196 - Search for loadable plugins [exclusion list=, ]
2024-04-16 11:58:29,298 [INFO] PluginManage:310 - Check plugin analytics
2024-04-16 11:58:29,646 [INFO] AnalyticsPlugin:253 - Accepted Software Licenses: STM32CubeMX.6.10.0
2024-04-16 11:58:29,646 [INFO] AnalyticsPlugin:255 - Accepted CMSIS Pack Licenses: ARM.CMSIS-DSP.1.15.0
2024-04-16 11:58:29,647 [INFO] AnalyticsPlugin:257 - Accepted Firmware Licenses: FW.G4.1.5.0
2024-04-16 11:58:29,648 [INFO] PluginManage:359 - Loaded plugin analytics (category:tool,tabindex:-1)
2024-04-16 11:58:29,649 [INFO] PluginManage:310 - Check plugin cadmodel
2024-04-16 11:58:29,657 [INFO] CADModel:105 - Init CAD model plugin
2024-04-16 11:58:29,658 [INFO] PluginManage:359 - Loaded plugin cadmodel (category:power,tabindex:5)
2024-04-16 11:58:29,659 [INFO] PluginManage:310 - Check plugin clock
2024-04-16 11:58:29,680 [INFO] PluginManage:359 - Loaded plugin clock (category:base,tabindex:2)
2024-04-16 11:58:29,680 [INFO] PluginManage:310 - Check plugin ddr
2024-04-16 11:58:29,685 [INFO] PluginManage:359 - Loaded plugin ddr (category:tool,tabindex:6)
2024-04-16 11:58:29,685 [INFO] PluginManage:310 - Check plugin filemanager
2024-04-16 11:58:29,949 [INFO] PluginManage:359 - Loaded plugin filemanager (category:base,tabindex:10)
2024-04-16 11:58:29,949 [INFO] PluginManage:310 - Check plugin ipmanager
2024-04-16 11:58:30,004 [INFO] PluginManage:359 - Loaded plugin ipmanager (category:base,tabindex:5)
2024-04-16 11:58:30,005 [INFO] PluginManage:310 - Check plugin lpbam
2024-04-16 11:58:30,037 [INFO] PluginManage:359 - Loaded plugin lpbam (category:base,tabindex:0)
2024-04-16 11:58:30,038 [INFO] PluginManage:310 - Check plugin memorymap
2024-04-16 11:58:30,067 [INFO] PluginManage:359 - Loaded plugin memorymap (category:base,tabindex:4)
2024-04-16 11:58:30,067 [INFO] PluginManage:310 - Check plugin pinoutandconfiguration
2024-04-16 11:58:30,081 [INFO] PluginManage:359 - Loaded plugin pinoutandconfiguration (category:base,tabindex:1)
2024-04-16 11:58:30,082 [INFO] PluginManage:310 - Check plugin pinoutconfig
2024-04-16 11:58:30,287 [WARN] SupportedApi:132 - Cannot load RTOS API schema: s4s-elt-must-match.1: The content of 'definitions' must match (annotation?, (simpleType | complexType)?, (unique | key | keyref)*)). A problem was found starting at: attribute.
2024-04-16 11:58:30,611 [INFO] PluginManage:359 - Loaded plugin pinoutconfig (category:base,tabindex:0)
2024-04-16 11:58:30,611 [INFO] PluginManage:310 - Check plugin power
2024-04-16 11:58:30,632 [INFO] PluginManage:359 - Loaded plugin power (category:power,tabindex:4)
2024-04-16 11:58:30,633 [INFO] PluginManage:310 - Check plugin projectmanager
2024-04-16 11:58:30,718 [INFO] PluginManage:359 - Loaded plugin projectmanager (category:projectmanager,tabindex:3)
2024-04-16 11:58:30,719 [INFO] PluginManage:310 - Check plugin thirdparty
2024-04-16 11:58:31,009 [INFO] PluginManage:359 - Loaded plugin thirdparty (category:base,tabindex:-1)
2024-04-16 11:58:31,009 [WARN] IntegrityCheckThread:84 - waiting for thirdparty lock release [integrity check]
2024-04-16 11:58:31,009 [INFO] PluginManage:310 - Check plugin tools
2024-04-16 11:58:31,009 [INFO] IntegrityCheckThread:86 - entering critical section [integrity check]
2024-04-16 11:58:31,010 [INFO] ThirdPartyUpdaterWithRetryManager:70 - Updater plugin not ready yet. [1/15]
2024-04-16 11:58:31,015 [INFO] PluginManage:359 - Loaded plugin tools (category:base,tabindex:7)
2024-04-16 11:58:31,015 [INFO] PluginManage:310 - Check plugin tutovideos
2024-04-16 11:58:31,439 [INFO] PluginManage:359 - Loaded plugin tutovideos (category:base,tabindex:-1)
2024-04-16 11:58:31,439 [INFO] PluginManage:310 - Check plugin updater
2024-04-16 11:58:31,458 [INFO] PluginManage:359 - Loaded plugin updater (category:base,tabindex:12)
2024-04-16 11:58:31,459 [INFO] PluginManage:310 - Check plugin userauth
2024-04-16 11:58:31,468 [INFO] UserAuth:114 - Init User Auth plugin
2024-04-16 11:58:31,468 [INFO] PluginManage:359 - Loaded plugin userauth (category:base,tabindex:14)
2024-04-16 11:58:31,469 [INFO] PluginManage:283 - PluginManage : Loaded plugins [17]
2024-04-16 11:58:32,007 [INFO] PinOutPanel:1499 - setPackage(No Configuration,No Configuration)
2024-04-16 11:58:32,196 [INFO] CADModel:165 - CPN selected for project level
2024-04-16 11:58:32,197 [INFO] CADModel:114 - Register for checkConnection events
2024-04-16 11:58:32,232 [INFO] IPUIPlugin:80 - create IPUIPlugin
2024-04-16 11:58:32,232 [INFO] PluginManager:220 - loadIPPluginJar : add adc
2024-04-16 11:58:32,237 [INFO] IPUIPlugin:80 - create IPUIPlugin
2024-04-16 11:58:32,238 [INFO] PluginManager:220 - loadIPPluginJar : add aes
2024-04-16 11:58:32,244 [INFO] IPUIPlugin:80 - create IPUIPlugin
2024-04-16 11:58:32,244 [INFO] PluginManager:220 - loadIPPluginJar : add can
2024-04-16 11:58:32,247 [INFO] IPUIPlugin:80 - create IPUIPlugin
2024-04-16 11:58:32,248 [INFO] PluginManager:220 - loadIPPluginJar : add comp
2024-04-16 11:58:32,254 [INFO] IPUIPlugin:80 - create IPUIPlugin
2024-04-16 11:58:32,254 [INFO] PluginManager:220 - loadIPPluginJar : add cryp
2024-04-16 11:58:32,260 [INFO] IPUIPlugin:80 - create IPUIPlugin
2024-04-16 11:58:32,260 [INFO] PluginManager:220 - loadIPPluginJar : add dfsdm
2024-04-16 11:58:32,271 [INFO] IPUIPlugin:80 - create IPUIPlugin
2024-04-16 11:58:32,272 [INFO] PluginManager:220 - loadIPPluginJar : add dma
2024-04-16 11:58:32,278 [INFO] IPUIPlugin:80 - create IPUIPlugin
2024-04-16 11:58:32,278 [INFO] PluginManager:220 - loadIPPluginJar : add dma3
2024-04-16 11:58:32,281 [INFO] IPUIPlugin:80 - create IPUIPlugin
2024-04-16 11:58:32,282 [INFO] PluginManager:220 - loadIPPluginJar : add fatfs
2024-04-16 11:58:32,290 [INFO] IPUIPlugin:80 - create IPUIPlugin
2024-04-16 11:58:32,291 [INFO] PluginManager:220 - loadIPPluginJar : add fmc
2024-04-16 11:58:32,300 [INFO] IPUIPlugin:80 - create IPUIPlugin
2024-04-16 11:58:32,301 [INFO] PluginManager:220 - loadIPPluginJar : add freertos
2024-04-16 11:58:32,304 [INFO] IPUIPlugin:80 - create IPUIPlugin
2024-04-16 11:58:32,304 [INFO] PluginManager:220 - loadIPPluginJar : add genericplugin
2024-04-16 11:58:32,309 [INFO] IPUIPlugin:80 - create IPUIPlugin
2024-04-16 11:58:32,309 [INFO] PluginManager:220 - loadIPPluginJar : add gfxmmu
2024-04-16 11:58:32,318 [INFO] IPUIPlugin:80 - create IPUIPlugin
2024-04-16 11:58:32,318 [INFO] PluginManager:220 - loadIPPluginJar : add gic
2024-04-16 11:58:32,326 [INFO] IPUIPlugin:80 - create IPUIPlugin
2024-04-16 11:58:32,326 [INFO] PluginManager:220 - loadIPPluginJar : add gpio
2024-04-16 11:58:32,333 [INFO] IPUIPlugin:80 - create IPUIPlugin
2024-04-16 11:58:32,333 [INFO] PluginManager:220 - loadIPPluginJar : add gtzc
2024-04-16 11:58:32,369 [INFO] IPUIPlugin:80 - create IPUIPlugin
2024-04-16 11:58:32,369 [INFO] PluginManager:220 - loadIPPluginJar : add hash
2024-04-16 11:58:32,376 [INFO] IPUIPlugin:80 - create IPUIPlugin
2024-04-16 11:58:32,376 [INFO] PluginManager:220 - loadIPPluginJar : add i2c
2024-04-16 11:58:32,383 [INFO] IPUIPlugin:80 - create IPUIPlugin
2024-04-16 11:58:32,384 [INFO] PluginManager:220 - loadIPPluginJar : add i2s
2024-04-16 11:58:32,391 [INFO] IPUIPlugin:80 - create IPUIPlugin
2024-04-16 11:58:32,392 [INFO] PluginManager:220 - loadIPPluginJar : add i3c
2024-04-16 11:58:32,398 [INFO] IPUIPlugin:80 - create IPUIPlugin
2024-04-16 11:58:32,399 [INFO] PluginManager:220 - loadIPPluginJar : add ipddr
2024-04-16 11:58:32,415 [INFO] IPUIPlugin:80 - create IPUIPlugin
2024-04-16 11:58:32,418 [INFO] PluginManager:220 - loadIPPluginJar : add linkedlist
2024-04-16 11:58:32,430 [INFO] IPUIPlugin:80 - create IPUIPlugin
2024-04-16 11:58:32,431 [INFO] PluginManager:220 - loadIPPluginJar : add lorawan
2024-04-16 11:58:32,437 [INFO] IPUIPlugin:80 - create IPUIPlugin
2024-04-16 11:58:32,437 [INFO] PluginManager:220 - loadIPPluginJar : add ltdc
2024-04-16 11:58:32,450 [INFO] IPUIPlugin:80 - create IPUIPlugin
2024-04-16 11:58:32,450 [INFO] PluginManager:220 - loadIPPluginJar : add mdma
2024-04-16 11:58:32,458 [INFO] IPUIPlugin:80 - create IPUIPlugin
2024-04-16 11:58:32,459 [INFO] PluginManager:220 - loadIPPluginJar : add nvic
2024-04-16 11:58:32,465 [INFO] IPUIPlugin:80 - create IPUIPlugin
2024-04-16 11:58:32,466 [INFO] PluginManager:220 - loadIPPluginJar : add opamp
2024-04-16 11:58:32,473 [INFO] IPUIPlugin:80 - create IPUIPlugin
2024-04-16 11:58:32,474 [INFO] PluginManager:220 - loadIPPluginJar : add openamp
2024-04-16 11:58:32,481 [INFO] IPUIPlugin:80 - create IPUIPlugin
2024-04-16 11:58:32,482 [INFO] PluginManager:220 - loadIPPluginJar : add pdm2pcm
2024-04-16 11:58:32,494 [INFO] IPUIPlugin:80 - create IPUIPlugin
2024-04-16 11:58:32,501 [INFO] PluginManager:220 - loadIPPluginJar : add plateformsettings
2024-04-16 11:58:32,504 [INFO] IPUIPlugin:80 - create IPUIPlugin
2024-04-16 11:58:32,505 [INFO] PluginManager:220 - loadIPPluginJar : add quadspi
2024-04-16 11:58:32,513 [INFO] IPUIPlugin:80 - create IPUIPlugin
2024-04-16 11:58:32,514 [INFO] PluginManager:220 - loadIPPluginJar : add resmgrutility
2024-04-16 11:58:32,521 [INFO] IPUIPlugin:80 - create IPUIPlugin
2024-04-16 11:58:32,522 [INFO] PluginManager:220 - loadIPPluginJar : add sai
2024-04-16 11:58:32,528 [INFO] IPUIPlugin:80 - create IPUIPlugin
2024-04-16 11:58:32,528 [INFO] PluginManager:220 - loadIPPluginJar : add spi
2024-04-16 11:58:32,600 [INFO] IPUIPlugin:80 - create IPUIPlugin
2024-04-16 11:58:32,600 [INFO] PluginManager:220 - loadIPPluginJar : add stm32_wpan
2024-04-16 11:58:32,605 [INFO] IPUIPlugin:80 - create IPUIPlugin
2024-04-16 11:58:32,605 [INFO] PluginManager:220 - loadIPPluginJar : add tim
2024-04-16 11:58:32,612 [INFO] IPUIPlugin:80 - create IPUIPlugin
2024-04-16 11:58:32,612 [INFO] PluginManager:220 - loadIPPluginJar : add touchsensing
2024-04-16 11:58:32,618 [INFO] IPUIPlugin:80 - create IPUIPlugin
2024-04-16 11:58:32,618 [INFO] PluginManager:220 - loadIPPluginJar : add tracer_emb
2024-04-16 11:58:32,622 [INFO] IPUIPlugin:80 - create IPUIPlugin
2024-04-16 11:58:32,623 [INFO] PluginManager:220 - loadIPPluginJar : add ts
2024-04-16 11:58:32,627 [INFO] IPUIPlugin:80 - create IPUIPlugin
2024-04-16 11:58:32,627 [INFO] PluginManager:220 - loadIPPluginJar : add tsc
2024-04-16 11:58:32,633 [INFO] IPUIPlugin:80 - create IPUIPlugin
2024-04-16 11:58:32,633 [INFO] PluginManager:220 - loadIPPluginJar : add ucpd
2024-04-16 11:58:32,640 [INFO] IPUIPlugin:80 - create IPUIPlugin
2024-04-16 11:58:32,640 [INFO] PluginManager:220 - loadIPPluginJar : add usart
2024-04-16 11:58:32,648 [INFO] IPUIPlugin:80 - create IPUIPlugin
2024-04-16 11:58:32,649 [INFO] PluginManager:220 - loadIPPluginJar : add usbx
2024-04-16 11:58:32,887 [INFO] CADModel:165 - CPN selected for project level
2024-04-16 11:58:32,888 [INFO] CADModel:114 - Register for checkConnection events
2024-04-16 11:58:32,889 [FATAL] Updater:308 - Updater called before beeing initialized
2024-04-16 11:58:32,889 [ERROR] CADModel:125 - Updater not yet initialized, retry later 
2024-04-16 11:58:33,261 [INFO] CADModel:165 - CPN selected for project level
2024-04-16 11:58:33,261 [INFO] CADModel:114 - Register for checkConnection events
2024-04-16 11:58:33,262 [FATAL] Updater:308 - Updater called before beeing initialized
2024-04-16 11:58:33,262 [ERROR] CADModel:125 - Updater not yet initialized, retry later 
2024-04-16 11:58:33,271 [FATAL] Updater:308 - Updater called before beeing initialized
2024-04-16 11:58:33,559 [FATAL] Updater:308 - Updater called before beeing initialized
2024-04-16 11:58:33,569 [INFO] DbMcusAds:53 - JSON generation date=Wed Nov 29 17:52:27 ICT 2023 (1701255147349)
2024-04-16 11:58:33,569 [FATAL] Updater:308 - Updater called before beeing initialized
2024-04-16 11:58:33,645 [WARN] DetailPanel:346 - Failed to get advertising image, set to default
2024-04-16 11:58:33,913 [FATAL] Updater:308 - Updater called before beeing initialized
2024-04-16 11:58:33,917 [FATAL] Updater:308 - Updater called before beeing initialized
2024-04-16 11:58:33,917 [FATAL] Updater:308 - Updater called before beeing initialized
2024-04-16 11:58:33,918 [WARN] DetailPanel:346 - Failed to get advertising image, set to default
2024-04-16 11:58:33,919 [FATAL] Updater:308 - Updater called before beeing initialized
2024-04-16 11:58:34,012 [INFO] ThirdPartyUpdaterWithRetryManager:70 - Updater plugin not ready yet. [2/15]
2024-04-16 11:58:34,027 [ERROR] Updater:1120 - MainUpdater not yet initialized. External WinMGr cannot be set.
2024-04-16 11:58:34,031 [INFO] Updater:1056 - Updater Version found : 6.10.0
2024-04-16 11:58:34,058 [INFO] ApplicationProperties:184 - Using Application install path: C:\ST\STM32CubeIDE_1.14.1\STM32CubeIDE\plugins\com.st.stm32cube.common.mx_6.10.0.202311202037
2024-04-16 11:58:34,900 [INFO] MainUpdater:2873 - connection check result : 10
2024-04-16 11:58:34,902 [INFO] MainUpdater:290 - Updater Check For Update Now.
2024-04-16 11:58:34,903 [INFO] MicroXplorer:498 - Change Database Version : DB.6.0.100
2024-04-16 11:58:34,919 [INFO] McuFinderGlobals:63 - Set McuFinder mode to 2 (CubeIDE integrated)
2024-04-16 11:58:35,242 [INFO] CheckServerUpdateThread:120 - End of CheckServer Thread
2024-04-16 11:58:35,498 [INFO] UserAuth:404 - Internet connection configuration mode: 1
2024-04-16 11:58:35,525 [INFO] JxBrowserEngine:152 - Initiate JxBrowser Engine with user profile folder
2024-04-16 11:58:37,012 [INFO] WebApp:161 - Instantiating new browser for Auth
2024-04-16 11:58:37,688 [WARN] PackLoader:240 - Cannot read IP mode file for STMicroelectronics.FP-SNS-MOTENVWB1.1.4.0
2024-04-16 11:58:37,771 [WARN] PackLoader:240 - Cannot read IP mode file for STMicroelectronics.X-CUBE-SMBUS.2.1.0
2024-04-16 11:58:37,781 [WARN] PackLoader:240 - Cannot read IP mode file for STMicroelectronics.X-CUBE-TOUCHGFX.4.23.1
2024-04-16 11:58:37,787 [WARN] PackLoader:240 - Cannot read IP mode file for STMicroelectronics.X-CUBE-TOUCHGFX.4.23.0
2024-04-16 11:58:37,793 [WARN] PackLoader:240 - Cannot read IP mode file for STMicroelectronics.X-CUBE-TOUCHGFX.4.23.2
2024-04-16 11:58:37,883 [WARN] PackLoader:240 - Cannot read IP mode file for STMicroelectronics.X-CUBE-AZRTOS-F7.1.1.0
2024-04-16 11:58:37,944 [WARN] PackLoader:240 - Cannot read IP mode file for STMicroelectronics.FP-SNS-MOTENV1.4.3.2
2024-04-16 11:58:37,961 [WARN] PackLoader:240 - Cannot read IP mode file for STMicroelectronics.FP-SNS-FLIGHT1.5.0.2
2024-04-16 11:58:37,979 [WARN] PackLoader:240 - Cannot read IP mode file for STMicroelectronics.X-CUBE-DISPLAY.3.0.0
2024-04-16 11:58:38,029 [WARN] PackLoader:240 - Cannot read IP mode file for STMicroelectronics.X-CUBE-BLE1.7.0.0
2024-04-16 11:58:38,043 [WARN] PackLoader:240 - Cannot read IP mode file for emotas.I-CUBE-CANOPEN.1.3.0
2024-04-16 11:58:38,071 [WARN] PackLoader:240 - Cannot read IP mode file for STMicroelectronics.X-CUBE-BLEMGR.3.1.0
2024-04-16 11:58:38,087 [WARN] PackLoader:240 - Cannot read IP mode file for STMicroelectronics.FP-SNS-SMARTAG2.1.2.0
2024-04-16 11:58:38,119 [INFO] LogOutputStream:77 - [STDOUT_REDIRECT] 1 : Invalid condition id : UX_CORESTACK_Condition cause : null
2024-04-16 11:58:38,120 [INFO] LogOutputStream:77 - [STDOUT_REDIRECT] 1 : Invalid condition id : UX_CORESTACK_Condition cause : null
2024-04-16 11:58:38,122 [INFO] LogOutputStream:77 - [STDOUT_REDIRECT] 1 : Invalid condition id : UX_CORESTACK_Condition cause : null
2024-04-16 11:58:38,125 [INFO] LogOutputStream:77 - [STDOUT_REDIRECT] 1 : Invalid condition id : UX_CORESTACK_Condition cause : null
2024-04-16 11:58:38,128 [INFO] LogOutputStream:77 - [STDOUT_REDIRECT] 1 : Invalid condition id : UX_CORESTACK_Condition cause : null
2024-04-16 11:58:38,141 [WARN] PackLoader:240 - Cannot read IP mode file for STMicroelectronics.X-CUBE-AZRTOS-WL.2.0.0
2024-04-16 11:58:38,155 [WARN] PackLoader:240 - Cannot read IP mode file for STMicroelectronics.FP-SNS-MOTENV1.5.0.0
2024-04-16 11:58:38,173 [WARN] PackLoader:240 - Cannot read IP mode file for WES.I-CUBE-Cesium.1.3.0
2024-04-16 11:58:38,184 [WARN] PackLoader:240 - Cannot read IP mode file for STMicroelectronics.X-CUBE-BLE2.3.3.0
2024-04-16 11:58:38,197 [WARN] PackLoader:240 - Cannot read IP mode file for STMicroelectronics.X-CUBE-TCPP.4.1.0
2024-04-16 11:58:38,661 [WARN] PackLoader:240 - Cannot read IP mode file for STMicroelectronics.X-CUBE-ALGOBUILD.1.3.0
2024-04-16 11:58:38,713 [WARN] PackLoader:240 - Cannot read IP mode file for STMicroelectronics.X-CUBE-AZRTOS-G0.1.1.0
2024-04-16 11:58:38,732 [WARN] PackLoader:240 - Cannot read IP mode file for STMicroelectronics.X-CUBE-SAFEA1.1.2.2
2024-04-16 11:58:38,746 [WARN] PackLoader:240 - Cannot read IP mode file for STMicroelectronics.X-CUBE-NFC4.3.0.0
2024-04-16 11:58:38,771 [WARN] PackLoader:240 - Cannot read IP mode file for STMicroelectronics.X-CUBE-BLEMGR.3.0.0
2024-04-16 11:58:38,783 [WARN] PackLoader:240 - Cannot read IP mode file for STMicroelectronics.FP-ATR-SIGFOX1.3.2.0
2024-04-16 11:58:38,800 [WARN] PackLoader:240 - Cannot read IP mode file for STMicroelectronics.X-CUBE-EEPRMA1.5.1.0
2024-04-16 11:58:38,883 [WARN] PackLoader:240 - Cannot read IP mode file for SEGGER.I-CUBE-embOS.1.3.1
2024-04-16 11:58:38,979 [WARN] PackLoader:240 - Cannot read IP mode file for STMicroelectronics.X-CUBE-GNSS1.6.0.0
2024-04-16 11:58:38,998 [INFO] WebApp:780 - Register for checkConnection events
2024-04-16 11:58:38,998 [INFO] WebApp:414 - Apply proxy settings
2024-04-16 11:58:38,999 [INFO] WebApp:499 - Chromium requires no authentication
2024-04-16 11:58:39,030 [INFO] WebApp:442 - Direct internet connection detected
2024-04-16 11:58:39,033 [WARN] PackLoader:240 - Cannot read IP mode file for STMicroelectronics.X-CUBE-AZRTOS-F4.1.1.0
2024-04-16 11:58:39,051 [WARN] PackLoader:240 - Cannot read IP mode file for wolfSSL.I-CUBE-wolfSSL.5.6.6
2024-04-16 11:58:39,132 [WARN] PackLoader:240 - Cannot read IP mode file for STMicroelectronics.X-CUBE-AZRTOS-L5.2.0.0
2024-04-16 11:58:39,148 [WARN] PackLoader:240 - Cannot read IP mode file for STMicroelectronics.X-CUBE-EEPRMA1.4.2.0
2024-04-16 11:58:39,167 [WARN] PackLoader:240 - Cannot read IP mode file for STMicroelectronics.X-CUBE-NFC6.3.1.0
2024-04-16 11:58:39,184 [WARN] PackLoader:240 - Cannot read IP mode file for ITTIA_DB.I-CUBE-ITTIADB.8.8.0
2024-04-16 11:58:39,449 [WARN] PackLoader:240 - Cannot read IP mode file for STMicroelectronics.X-CUBE-AI.9.0.0
2024-04-16 11:58:39,461 [WARN] PackLoader:240 - Cannot read IP mode file for STMicroelectronics.X-CUBE-NFC7.1.0.1
2024-04-16 11:58:39,477 [WARN] PackLoader:240 - Cannot read IP mode file for STMicroelectronics.X-CUBE-NFC6.3.0.0
2024-04-16 11:58:39,487 [WARN] PackLoader:240 - Cannot read IP mode file for STMicroelectronics.X-CUBE-AI.8.1.0
2024-04-16 11:58:39,530 [WARN] ConditionMgr:438 - getConditionDescription Invalid condition id : LAN8742 Phy interface Condition cause : null
2024-04-16 11:58:39,531 [WARN] PackLoader:240 - Cannot read IP mode file for STMicroelectronics.X-CUBE-AZRTOS-L4.2.0.0
2024-04-16 11:58:39,534 [WARN] ConditionMgr:1039 - genDependencies : Invalid condition id : LAN8742 Phy interface Condition cause : null
2024-04-16 11:58:39,535 [WARN] ConditionMgr:1039 - genDependencies : Invalid condition id : LAN8742 Phy interface Condition cause : null
2024-04-16 11:58:39,537 [WARN] ConditionMgr:1039 - genDependencies : Invalid condition id : LAN8742 Phy interface Condition cause : null
2024-04-16 11:58:39,558 [WARN] PackLoader:240 - Cannot read IP mode file for STMicroelectronics.X-CUBE-SFXS2LP1.4.0.0
2024-04-16 11:58:39,582 [INFO] WebApp:192 - Starting web application
2024-04-16 11:58:39,583 [INFO] WebApp:544 - Web application path used C:\ST\STM32CubeIDE_1.14.1\STM32CubeIDE\plugins\com.st.stm32cube.common.mx_6.10.0.202311202037\db\plugins\mcufinder\reactClient1\index.html
2024-04-16 11:58:39,593 [WARN] ConditionMgr:438 - getConditionDescription Invalid condition id : UX DEVICE CLASS RTOS Condition cause : null
2024-04-16 11:58:39,593 [WARN] ConditionMgr:438 - getConditionDescription Invalid condition id : UX DEVICE CLASS RTOS Condition cause : null
2024-04-16 11:58:39,599 [WARN] PackLoader:240 - Cannot read IP mode file for STMicroelectronics.X-CUBE-AZRTOS-WB.2.0.0
2024-04-16 11:58:39,601 [WARN] ConditionMgr:1039 - genDependencies : Invalid condition id : UX DEVICE CLASS RTOS Condition cause : null
2024-04-16 11:58:39,601 [WARN] ConditionMgr:1039 - genDependencies : Invalid condition id : UX DEVICE CLASS RTOS Condition cause : null
2024-04-16 11:58:39,602 [WARN] ConditionMgr:1039 - genDependencies : Invalid condition id : UX DEVICE CLASS RTOS Condition cause : null
2024-04-16 11:58:39,603 [WARN] ConditionMgr:1039 - genDependencies : Invalid condition id : UX DEVICE CLASS RTOS Condition cause : null
2024-04-16 11:58:39,604 [WARN] ConditionMgr:1039 - genDependencies : Invalid condition id : UX DEVICE CLASS RTOS Condition cause : null
2024-04-16 11:58:39,649 [WARN] PackLoader:240 - Cannot read IP mode file for STMicroelectronics.X-CUBE-SUBG2.5.0.0
2024-04-16 11:58:39,696 [WARN] PackLoader:240 - Cannot read IP mode file for STMicroelectronics.X-CUBE-AZRTOS-G4.2.0.0
2024-04-16 11:58:39,728 [WARN] PackLoader:240 - Cannot read IP mode file for Infineon.AIROC-Wi-Fi-Bluetooth-STM32.1.5.1
2024-04-16 11:58:39,744 [WARN] PackLoader:240 - Cannot read IP mode file for STMicroelectronics.FP-SNS-MOTENVWB1.1.3.1
2024-04-16 11:58:39,755 [WARN] PackLoader:240 - Cannot read IP mode file for STMicroelectronics.X-CUBE-ISPU.2.0.0
2024-04-16 11:58:39,865 [WARN] PackLoader:240 - Cannot read IP mode file for STMicroelectronics.X-CUBE-MEMS1.10.0.0
2024-04-16 11:58:40,226 [WARN] PackLoader:240 - Cannot read IP mode file for STMicroelectronics.X-CUBE-FREERTOS.1.1.0
2024-04-16 11:58:40,239 [WARN] PackLoader:240 - Cannot read IP mode file for portGmbH.I-Cube-SoM-uGOAL.1.1.0
2024-04-16 11:58:40,250 [WARN] PackLoader:240 - Cannot read IP mode file for STMicroelectronics.X-CUBE-ALS.1.0.1
2024-04-16 11:58:40,295 [WARN] PackLoader:240 - Cannot read IP mode file for STMicroelectronics.X-CUBE-AZRTOS-H7RS.1.0.0
2024-04-16 11:58:40,310 [WARN] PackLoader:240 - Cannot read IP mode file for STMicroelectronics.FP-ATR-ASTRA1.2.0.0
2024-04-16 11:58:40,336 [WARN] PackLoader:240 - Cannot read IP mode file for STMicroelectronics.X-CUBE-TOF1.3.4.0
2024-04-16 11:58:40,383 [WARN] PackLoader:240 - Cannot read IP mode file for STMicroelectronics.X-CUBE-TOF1.3.4.1
2024-04-16 11:58:40,499 [WARN] PackLoader:240 - Cannot read IP mode file for STMicroelectronics.X-CUBE-AZRTOS-H7.3.2.0
2024-04-16 11:58:40,511 [INFO] ThirdParty:978 - Integrity check success = true
2024-04-16 11:58:40,512 [INFO] IntegrityCheckThread:100 - exiting critical section [integrity check]
2024-04-16 11:58:40,512 [INFO] IntegrityCheckThread:103 - End integrity checks thread
2024-04-16 11:59:00,976 [ERROR] LogOutputStream:75 - [STDERR_REDIRECT] SLF4J: Failed to load class "org.slf4j.impl.StaticLoggerBinder".
2024-04-16 11:59:00,977 [ERROR] LogOutputStream:75 - [STDERR_REDIRECT] SLF4J: Defaulting to no-operation (NOP) logger implementation
2024-04-16 11:59:00,980 [ERROR] LogOutputStream:75 - [STDERR_REDIRECT] SLF4J: See http://www.slf4j.org/codes.html#StaticLoggerBinder for further details.
